#
# A fatal error has been detected by the Java Runtime Environment:
#
#  EXCEPTION_ACCESS_VIOLATION (0xc0000005) at pc=0x0000000067a414fa, pid=11772, tid=0x0000000000003570
#
# JRE version: Java(TM) SE Runtime Environment (8.0_131-b11) (build 1.8.0_131-b11)
# Java VM: Java HotSpot(TM) 64-Bit Server VM (25.131-b11 mixed mode windows-amd64 compressed oops)
# Problematic frame:
# C  [glass.dll+0x114fa]
#
# Failed to write core dump. Minidumps are not enabled by default on client versions of Windows
#
# If you would like to submit a bug report, please visit:
#   http://bugreport.java.com/bugreport/crash.jsp
# The crash happened outside the Java Virtual Machine in native code.
# See problematic frame for where to report the bug.
#

---------------  T H R E A D  ---------------

Current thread (0x000000001b742800):  JavaThread "JavaFX Application Thread" [_thread_in_native, id=13680, stack(0x000000001c730000,0x000000001c830000)]

siginfo: ExceptionCode=0xc0000005, reading address 0x0000000024b1e030

Registers:
RAX=0x000000000016273c, RBX=0x0000000024b1e030, RCX=0x0000000024a30a30, RDX=0x0000000000000064
RSP=0x000000001c82c780, RBP=0x0000000000000000, RSI=0x0000000000001115, RDI=0x0000000000000000
R8 =0x0000000002731080, R9 =0x0000000000008000, R10=0x0000000024b0dde0, R11=0x0000000000000006
R12=0x00000000249bb8f0, R13=0x0000000000000001, R14=0x0000000000001115, R15=0x0000000000000000
RIP=0x0000000067a414fa, EFLAGS=0x0000000000010216

Top of Stack: (sp=0x000000001c82c780)
0x000000001c82c780:   0000000024b13850 000000001c82c8a8
0x000000001c82c790:   0000000024b139f0 0000000000000000
0x000000001c82c7a0:   000000001c82c970 0000000000000000
0x000000001c82c7b0:   0000000000000000 0000000024b139f0
0x000000001c82c7c0:   0000000024b13850 0000000000000000
0x000000001c82c7d0:   00000000246888c0 000000000000111b
0x000000001c82c7e0:   0000000024b27020 0000000024b47020
0x000000001c82c7f0:   0000000024b47020 0000000000001fff
0x000000001c82c800:   0000000000002000 000000003f800000
0x000000001c82c810:   0000000000000000 4a060a6f8007cc00
0x000000001c82c820:   0000000000000000 0000000000000000
0x000000001c82c830:   0000000000000000 00000000249cd250
0x000000001c82c840:   0000000000000000 0000000000000000
0x000000001c82c850:   0000000000000000 0000000000000000
0x000000001c82c860:   0000000000000000 0000000024688280
0x000000001c82c870:   0000000024688360 0000000000000000 

Instructions: (pc=0x0000000067a414fa)
0x0000000067a414da:   41 8b f6 49 8d 5c 24 04 45 85 ed 75 09 48 69 c6
0x0000000067a414ea:   50 02 00 00 eb 07 48 69 c6 4c 01 00 00 48 03 d8
0x0000000067a414fa:   f6 03 40 0f 84 d4 00 00 00 8b 43 44 89 84 24 98
0x0000000067a4150a:   00 00 00 8b 43 40 89 84 24 9c 00 00 00 41 b9 0a 


Register to memory mapping:

RAX=0x000000000016273c is an unknown value
RBX=0x0000000024b1e030 is an unknown value
RCX=0x0000000024a30a30 is an unknown value
RDX=0x0000000000000064 is an unknown value
RSP=0x000000001c82c780 is pointing into the stack for thread: 0x000000001b742800
RBP=0x0000000000000000 is an unknown value
RSI=0x0000000000001115 is an unknown value
RDI=0x0000000000000000 is an unknown value
R8 =0x0000000002731080 is an unknown value
R9 =0x0000000000008000 is an unknown value
R10=0x0000000024b0dde0 is an unknown value
R11=0x0000000000000006 is an unknown value
R12=0x00000000249bb8f0 is an unknown value
R13=0x0000000000000001 is an unknown value
R14=0x0000000000001115 is an unknown value
R15=0x0000000000000000 is an unknown value


Stack: [0x000000001c730000,0x000000001c830000],  sp=0x000000001c82c780,  free space=1009k
Native frames: (J=compiled Java code, j=interpreted, Vv=VM code, C=native code)

Java frames: (J=compiled Java code, j=interpreted, Vv=VM code)
j  com.sun.glass.ui.win.WinSystemClipboard.popMimesFromSystem()[Ljava/lang/String;+0
j  com.sun.glass.ui.win.WinSystemClipboard.mimesFromSystem()[Ljava/lang/String;+10
j  com.sun.glass.ui.SystemClipboard.getMimeTypes()[Ljava/lang/String;+16
j  com.sun.glass.ui.ClipboardAssistance.getMimeTypes()[Ljava/lang/String;+7
j  com.sun.javafx.tk.quantum.QuantumClipboard.hasContent(Ljavafx/scene/input/DataFormat;)Z+69
j  javafx.scene.input.Clipboard.hasContent(Ljavafx/scene/input/DataFormat;)Z+11
j  javafx.scene.input.Clipboard.hasImage()Z+4
j  org.pcsoft.app.jimix.core.plugin.builtin.clipboard.ImageClipboardProvider.acceptClipboardContent(Ljavafx/scene/input/Clipboard;)Z+1
j  org.pcsoft.app.jimix.core.plugin.type.JimixClipboardProviderPlugin.acceptClipboardContent(Ljavafx/scene/input/Clipboard;)Z+5
j  org.pcsoft.app.jimix.core.plugin.type.JimixClipboardProviderInstance.acceptClipboardContent(Ljavafx/scene/input/Clipboard;)Z+5
j  org.pcsoft.app.jimix.app.ui.window.MainWindowView.buildPasteMenu()V+113
j  org.pcsoft.app.jimix.app.ui.window.MainWindowView.initialize(Ljava/net/URL;Ljava/util/ResourceBundle;)V+442
j  javafx.fxml.FXMLLoader.loadImpl(Ljava/io/InputStream;Ljava/lang/Class;)Ljava/lang/Object;+265
j  javafx.fxml.FXMLLoader.loadImpl(Ljava/lang/Class;)Ljava/lang/Object;+30
j  javafx.fxml.FXMLLoader.load()Ljava/lang/Object;+14
j  de.saxsys.mvvmfx.internal.viewloader.FxmlViewLoader.loadFxmlViewTuple(Ljava/lang/String;Ljava/util/ResourceBundle;Lde/saxsys/mvvmfx/internal/viewloader/View;Ljava/lang/Object;Lde/saxsys/mvvmfx/ViewModel;Lde/saxsys/mvvmfx/Context;Ljava/util/Collection;)Lde/saxsys/mvvmfx/ViewTuple;+26
j  de.saxsys.mvvmfx.internal.viewloader.FxmlViewLoader.loadFxmlViewTuple(Ljava/lang/Class;Ljava/util/ResourceBundle;Lde/saxsys/mvvmfx/internal/viewloader/View;Ljava/lang/Object;Lde/saxsys/mvvmfx/ViewModel;Lde/saxsys/mvvmfx/Context;Ljava/util/Collection;)Lde/saxsys/mvvmfx/ViewTuple;+20
j  de.saxsys.mvvmfx.FluentViewLoader$FxmlViewStep.load()Lde/saxsys/mvvmfx/ViewTuple;+43
j  org.pcsoft.app.jimix.app.ui.window.MainWindow.<init>(Ljava/io/File;)V+24
j  org.pcsoft.app.jimix.app.App.startMvvmfx(Ljavafx/stage/Stage;)V+13
j  de.saxsys.mvvmfx.cdi.MvvmfxCdiApplication.start(Ljavafx/stage/Stage;)V+10
j  com.sun.javafx.application.LauncherImpl.lambda$launchApplication1$162(Ljava/util/concurrent/atomic/AtomicBoolean;Ljavafx/application/Application;)V+20
j  com.sun.javafx.application.LauncherImpl$$Lambda$79.run()V+8
j  com.sun.javafx.application.PlatformImpl.lambda$runAndWait$175(Ljava/lang/Runnable;Ljava/util/concurrent/CountDownLatch;)V+1
j  com.sun.javafx.application.PlatformImpl$$Lambda$48.run()V+8
j  com.sun.javafx.application.PlatformImpl.lambda$null$173(Ljava/lang/Runnable;)Ljava/lang/Void;+1
j  com.sun.javafx.application.PlatformImpl$$Lambda$50.run()Ljava/lang/Object;+4
v  ~StubRoutines::call_stub
J 1022  java.security.AccessController.doPrivileged(Ljava/security/PrivilegedAction;Ljava/security/AccessControlContext;)Ljava/lang/Object; (0 bytes) @ 0x0000000004b745a6 [0x0000000004b74540+0x66]
j  com.sun.javafx.application.PlatformImpl.lambda$runLater$174(Ljava/lang/Runnable;Ljava/security/AccessControlContext;)V+7
j  com.sun.javafx.application.PlatformImpl$$Lambda$49.run()V+8
j  com.sun.glass.ui.InvokeLaterDispatcher$Future.run()V+4
v  ~StubRoutines::call_stub
j  com.sun.glass.ui.win.WinApplication._runLoop(Ljava/lang/Runnable;)V+0
j  com.sun.glass.ui.win.WinApplication.lambda$null$148(ILjava/lang/Runnable;)V+8
j  com.sun.glass.ui.win.WinApplication$$Lambda$38.run()V+12
j  java.lang.Thread.run()V+11
v  ~StubRoutines::call_stub

---------------  P R O C E S S  ---------------

Java Threads: ( => current thread )
  0x000000001b958000 JavaThread "weld-worker-4" daemon [_thread_blocked, id=9108, stack(0x0000000029f60000,0x000000002a060000)]
  0x000000001b95a800 JavaThread "weld-worker-3" daemon [_thread_blocked, id=7484, stack(0x0000000029e60000,0x0000000029f60000)]
  0x000000001b959800 JavaThread "weld-worker-2" daemon [_thread_blocked, id=9128, stack(0x0000000029d60000,0x0000000029e60000)]
  0x000000001b95b000 JavaThread "weld-worker-1" daemon [_thread_blocked, id=11476, stack(0x0000000029c60000,0x0000000029d60000)]
  0x000000001b957800 JavaThread "JavaFX-Launcher" [_thread_blocked, id=5476, stack(0x0000000029660000,0x0000000029760000)]
  0x000000001ab4f000 JavaThread "D3D Screen Updater" daemon [_thread_blocked, id=7228, stack(0x0000000026760000,0x0000000026860000)]
  0x000000001ab4e000 JavaThread "AWT-EventQueue-0" [_thread_blocked, id=6788, stack(0x0000000026460000,0x0000000026560000)]
  0x000000001bd76800 JavaThread "AWT-Windows" daemon [_thread_in_native, id=536, stack(0x0000000024400000,0x0000000024500000)]
  0x0000000022e57000 JavaThread "AWT-Shutdown" [_thread_blocked, id=9872, stack(0x0000000024300000,0x0000000024400000)]
  0x000000001bdc4800 JavaThread "Java2D Disposer" daemon [_thread_blocked, id=13100, stack(0x0000000024200000,0x0000000024300000)]
  0x000000001b7a8000 JavaThread "Thread-2" daemon [_thread_in_native, id=7048, stack(0x0000000022a30000,0x0000000022b30000)]
=>0x000000001b742800 JavaThread "JavaFX Application Thread" [_thread_in_native, id=13680, stack(0x000000001c730000,0x000000001c830000)]
  0x000000001b741800 JavaThread "Thread-1" daemon [_thread_blocked, id=12272, stack(0x000000001c630000,0x000000001c730000)]
  0x000000001b6d7800 JavaThread "QuantumRenderer-0" daemon [_thread_blocked, id=13540, stack(0x000000001bdd0000,0x000000001bed0000)]
  0x000000001abdb000 JavaThread "Service Thread" daemon [_thread_blocked, id=10596, stack(0x000000001b270000,0x000000001b370000)]
  0x000000001abd9800 JavaThread "C1 CompilerThread2" daemon [_thread_blocked, id=13128, stack(0x000000001b170000,0x000000001b270000)]
  0x000000001abd5000 JavaThread "C2 CompilerThread1" daemon [_thread_in_native, id=12568, stack(0x000000001b070000,0x000000001b170000)]
  0x000000001abd4000 JavaThread "C2 CompilerThread0" daemon [_thread_blocked, id=9344, stack(0x000000001af70000,0x000000001b070000)]
  0x000000001ab9c800 JavaThread "Monitor Ctrl-Break" daemon [_thread_in_native, id=8412, stack(0x000000001ae70000,0x000000001af70000)]
  0x0000000019403000 JavaThread "Attach Listener" daemon [_thread_blocked, id=12412, stack(0x000000001a970000,0x000000001aa70000)]
  0x0000000019400000 JavaThread "Signal Dispatcher" daemon [_thread_blocked, id=10136, stack(0x000000001a870000,0x000000001a970000)]
  0x00000000193ea800 JavaThread "Finalizer" daemon [_thread_blocked, id=12232, stack(0x000000001a650000,0x000000001a750000)]
  0x00000000193c9000 JavaThread "Reference Handler" daemon [_thread_blocked, id=12480, stack(0x000000001a550000,0x000000001a650000)]
  0x00000000046e4000 JavaThread "main" [_thread_blocked, id=14076, stack(0x0000000004420000,0x0000000004520000)]

Other Threads:
  0x00000000193c8000 VMThread [stack: 0x000000001a450000,0x000000001a550000] [id=13648]
  0x000000001acf8000 WatcherThread [stack: 0x000000001b4d0000,0x000000001b5d0000] [id=2532]

VM state:not at safepoint (normal execution)

VM Mutex/Monitor currently owned by a thread: None

Heap:
 PSYoungGen      total 174080K, used 3455K [0x00000000d5580000, 0x00000000e6880000, 0x0000000100000000)
  eden space 134144K, 2% used [0x00000000d5580000,0x00000000d58dfe48,0x00000000dd880000)
  from space 39936K, 0% used [0x00000000dd880000,0x00000000dd880000,0x00000000dff80000)
  to   space 38912K, 0% used [0x00000000e4280000,0x00000000e4280000,0x00000000e6880000)
 ParOldGen       total 97280K, used 19905K [0x0000000080000000, 0x0000000085f00000, 0x00000000d5580000)
  object space 97280K, 20% used [0x0000000080000000,0x00000000813705f8,0x0000000085f00000)
 Metaspace       used 35141K, capacity 35758K, committed 35800K, reserved 1079296K
  class space    used 5172K, capacity 5350K, committed 5376K, reserved 1048576K

Card table byte_map: [0x0000000013ba0000,0x0000000013fb0000] byte_map_base: 0x00000000137a0000

Marking Bits: (ParMarkBitMap*) 0x0000000065a2c720
 Begin Bits: [0x0000000014660000, 0x0000000016660000)
 End Bits:   [0x0000000016660000, 0x0000000018660000)

Polling page: 0x0000000002780000

CodeCache: size=245760Kb used=8284Kb max_used=8323Kb free=237475Kb
 bounds [0x00000000047e0000, 0x0000000005020000, 0x00000000137e0000]
 total_blobs=3405 nmethods=2689 adapters=630
 compilation: enabled

Compilation events (10 events):
Event: 6.075 Thread 0x000000001abd9800 nmethod 3117 0x0000000004ac7910 code [0x0000000004ac7b80, 0x0000000004ac8c38]
Event: 6.083 Thread 0x000000001abd4000 nmethod 3107% 0x0000000004e8b710 code [0x0000000004e8b8a0, 0x0000000004e8c5e8]
Event: 6.083 Thread 0x000000001abd4000 3119       4       jdk.internal.org.objectweb.asm.Type::getArgumentsAndReturnSizes (151 bytes)
Event: 6.088 Thread 0x000000001abd9800 3120       3       java.util.regex.Pattern$Start::<init> (35 bytes)
Event: 6.089 Thread 0x000000001abd9800 nmethod 3120 0x0000000004bd6050 code [0x0000000004bd61e0, 0x0000000004bd6708]
Event: 6.090 Thread 0x000000001abd4000 nmethod 3119 0x0000000004aea510 code [0x0000000004aea680, 0x0000000004aeab58]
Event: 6.090 Thread 0x000000001abd4000 3116       4       jdk.internal.org.objectweb.asm.Item::<init> (66 bytes)
Event: 6.091 Thread 0x000000001abd4000 nmethod 3116 0x0000000004e65410 code [0x0000000004e65540, 0x0000000004e655f8]
Event: 6.091 Thread 0x000000001abd4000 3118       4       jdk.internal.org.objectweb.asm.ClassWriter::put (152 bytes)
Event: 6.092 Thread 0x000000001abd4000 nmethod 3118 0x0000000004efae90 code [0x0000000004efafe0, 0x0000000004efb118]

GC Heap History (10 events):
Event: 3.941 GC heap before
{Heap before GC invocations=7 (full 1):
 PSYoungGen      total 70656K, used 70656K [0x00000000d5580000, 0x00000000dbf80000, 0x0000000100000000)
  eden space 65536K, 100% used [0x00000000d5580000,0x00000000d9580000,0x00000000d9580000)
  from space 5120K, 100% used [0x00000000d9580000,0x00000000d9a80000,0x00000000d9a80000)
  to   space 11264K, 0% used [0x00000000db480000,0x00000000db480000,0x00000000dbf80000)
 ParOldGen       total 80384K, used 21269K [0x0000000080000000, 0x0000000084e80000, 0x00000000d5580000)
  object space 80384K, 26% used [0x0000000080000000,0x00000000814c56e8,0x0000000084e80000)
 Metaspace       used 28734K, capacity 29126K, committed 29568K, reserved 1075200K
  class space    used 4021K, capacity 4178K, committed 4224K, reserved 1048576K
Event: 3.993 GC heap after
Heap after GC invocations=7 (full 1):
 PSYoungGen      total 87040K, used 11264K [0x00000000d5580000, 0x00000000df200000, 0x0000000100000000)
  eden space 75776K, 0% used [0x00000000d5580000,0x00000000d5580000,0x00000000d9f80000)
  from space 11264K, 100% used [0x00000000db480000,0x00000000dbf80000,0x00000000dbf80000)
  to   space 21504K, 0% used [0x00000000d9f80000,0x00000000d9f80000,0x00000000db480000)
 ParOldGen       total 80384K, used 35209K [0x0000000080000000, 0x0000000084e80000, 0x00000000d5580000)
  object space 80384K, 43% used [0x0000000080000000,0x00000000822624c8,0x0000000084e80000)
 Metaspace       used 28734K, capacity 29126K, committed 29568K, reserved 1075200K
  class space    used 4021K, capacity 4178K, committed 4224K, reserved 1048576K
}
Event: 4.385 GC heap before
{Heap before GC invocations=8 (full 1):
 PSYoungGen      total 87040K, used 87040K [0x00000000d5580000, 0x00000000df200000, 0x0000000100000000)
  eden space 75776K, 100% used [0x00000000d5580000,0x00000000d9f80000,0x00000000d9f80000)
  from space 11264K, 100% used [0x00000000db480000,0x00000000dbf80000,0x00000000dbf80000)
  to   space 21504K, 0% used [0x00000000d9f80000,0x00000000d9f80000,0x00000000db480000)
 ParOldGen       total 80384K, used 35209K [0x0000000080000000, 0x0000000084e80000, 0x00000000d5580000)
  object space 80384K, 43% used [0x0000000080000000,0x00000000822624c8,0x0000000084e80000)
 Metaspace       used 30511K, capacity 30886K, committed 31232K, reserved 1075200K
  class space    used 4384K, capacity 4530K, committed 4608K, reserved 1048576K
Event: 4.484 GC heap after
Heap after GC invocations=8 (full 1):
 PSYoungGen      total 97280K, used 21488K [0x00000000d5580000, 0x00000000e1f80000, 0x0000000100000000)
  eden space 75776K, 0% used [0x00000000d5580000,0x00000000d5580000,0x00000000d9f80000)
  from space 21504K, 99% used [0x00000000d9f80000,0x00000000db47c020,0x00000000db480000)
  to   space 32768K, 0% used [0x00000000dff80000,0x00000000dff80000,0x00000000e1f80000)
 ParOldGen       total 80384K, used 48670K [0x0000000080000000, 0x0000000084e80000, 0x00000000d5580000)
  object space 80384K, 60% used [0x0000000080000000,0x0000000082f878a0,0x0000000084e80000)
 Metaspace       used 30511K, capacity 30886K, committed 31232K, reserved 1075200K
  class space    used 4384K, capacity 4530K, committed 4608K, reserved 1048576K
}
Event: 4.848 GC heap before
{Heap before GC invocations=9 (full 1):
 PSYoungGen      total 97280K, used 97264K [0x00000000d5580000, 0x00000000e1f80000, 0x0000000100000000)
  eden space 75776K, 100% used [0x00000000d5580000,0x00000000d9f80000,0x00000000d9f80000)
  from space 21504K, 99% used [0x00000000d9f80000,0x00000000db47c020,0x00000000db480000)
  to   space 32768K, 0% used [0x00000000dff80000,0x00000000dff80000,0x00000000e1f80000)
 ParOldGen       total 80384K, used 48670K [0x0000000080000000, 0x0000000084e80000, 0x00000000d5580000)
  object space 80384K, 60% used [0x0000000080000000,0x0000000082f878a0,0x0000000084e80000)
 Metaspace       used 30687K, capacity 31032K, committed 31488K, reserved 1077248K
  class space    used 4388K, capacity 4533K, committed 4608K, reserved 1048576K
Event: 4.911 GC heap after
Heap after GC invocations=9 (full 1):
 PSYoungGen      total 166912K, used 32736K [0x00000000d5580000, 0x00000000e2f00000, 0x0000000100000000)
  eden space 134144K, 0% used [0x00000000d5580000,0x00000000d5580000,0x00000000dd880000)
  from space 32768K, 99% used [0x00000000dff80000,0x00000000e1f78010,0x00000000e1f80000)
  to   space 39936K, 0% used [0x00000000dd880000,0x00000000dd880000,0x00000000dff80000)
 ParOldGen       total 80384K, used 51124K [0x0000000080000000, 0x0000000084e80000, 0x00000000d5580000)
  object space 80384K, 63% used [0x0000000080000000,0x00000000831ed210,0x0000000084e80000)
 Metaspace       used 30687K, capacity 31032K, committed 31488K, reserved 1077248K
  class space    used 4388K, capacity 4533K, committed 4608K, reserved 1048576K
}
Event: 5.913 GC heap before
{Heap before GC invocations=10 (full 1):
 PSYoungGen      total 166912K, used 129757K [0x00000000d5580000, 0x00000000e2f00000, 0x0000000100000000)
  eden space 134144K, 72% used [0x00000000d5580000,0x00000000db43f708,0x00000000dd880000)
  from space 32768K, 99% used [0x00000000dff80000,0x00000000e1f78010,0x00000000e1f80000)
  to   space 39936K, 0% used [0x00000000dd880000,0x00000000dd880000,0x00000000dff80000)
 ParOldGen       total 80384K, used 51124K [0x0000000080000000, 0x0000000084e80000, 0x00000000d5580000)
  object space 80384K, 63% used [0x0000000080000000,0x00000000831ed210,0x0000000084e80000)
 Metaspace       used 34767K, capacity 35340K, committed 35416K, reserved 1079296K
  class space    used 5063K, capacity 5243K, committed 5248K, reserved 1048576K
Event: 5.949 GC heap after
Heap after GC invocations=10 (full 1):
 PSYoungGen      total 174080K, used 6137K [0x00000000d5580000, 0x00000000e6880000, 0x0000000100000000)
  eden space 134144K, 0% used [0x00000000d5580000,0x00000000d5580000,0x00000000dd880000)
  from space 39936K, 15% used [0x00000000dd880000,0x00000000dde7e570,0x00000000dff80000)
  to   space 38912K, 0% used [0x00000000e4280000,0x00000000e4280000,0x00000000e6880000)
 ParOldGen       total 80384K, used 53036K [0x0000000080000000, 0x0000000084e80000, 0x00000000d5580000)
  object space 80384K, 65% used [0x0000000080000000,0x00000000833cb210,0x0000000084e80000)
 Metaspace       used 34767K, capacity 35340K, committed 35416K, reserved 1079296K
  class space    used 5063K, capacity 5243K, committed 5248K, reserved 1048576K
}
Event: 5.949 GC heap before
{Heap before GC invocations=11 (full 2):
 PSYoungGen      total 174080K, used 6137K [0x00000000d5580000, 0x00000000e6880000, 0x0000000100000000)
  eden space 134144K, 0% used [0x00000000d5580000,0x00000000d5580000,0x00000000dd880000)
  from space 39936K, 15% used [0x00000000dd880000,0x00000000dde7e570,0x00000000dff80000)
  to   space 38912K, 0% used [0x00000000e4280000,0x00000000e4280000,0x00000000e6880000)
 ParOldGen       total 80384K, used 53036K [0x0000000080000000, 0x0000000084e80000, 0x00000000d5580000)
  object space 80384K, 65% used [0x0000000080000000,0x00000000833cb210,0x0000000084e80000)
 Metaspace       used 34767K, capacity 35340K, committed 35416K, reserved 1079296K
  class space    used 5063K, capacity 5243K, committed 5248K, reserved 1048576K
Event: 6.026 GC heap after
Heap after GC invocations=11 (full 2):
 PSYoungGen      total 174080K, used 0K [0x00000000d5580000, 0x00000000e6880000, 0x0000000100000000)
  eden space 134144K, 0% used [0x00000000d5580000,0x00000000d5580000,0x00000000dd880000)
  from space 39936K, 0% used [0x00000000dd880000,0x00000000dd880000,0x00000000dff80000)
  to   space 38912K, 0% used [0x00000000e4280000,0x00000000e4280000,0x00000000e6880000)
 ParOldGen       total 97280K, used 19905K [0x0000000080000000, 0x0000000085f00000, 0x00000000d5580000)
  object space 97280K, 20% used [0x0000000080000000,0x00000000813705f8,0x0000000085f00000)
 Metaspace       used 34767K, capacity 35340K, committed 35416K, reserved 1079296K
  class space    used 5063K, capacity 5243K, committed 5248K, reserved 1048576K
}

Deoptimization events (10 events):
Event: 5.380 Thread 0x000000001b958000 Uncommon trap: reason=unstable_if action=reinterpret pc=0x0000000004fa49fc method=com.google.common.cache.LocalCache$Segment.drainRecencyQueue()V @ 14
Event: 5.425 Thread 0x000000001b742800 Uncommon trap: reason=class_check action=maybe_recompile pc=0x0000000004ee6f7c method=com.google.common.collect.Iterators$6.hasNext()Z @ 7
Event: 5.425 Thread 0x000000001b742800 Uncommon trap: reason=class_check action=maybe_recompile pc=0x0000000004ee6f7c method=com.google.common.collect.Iterators$6.hasNext()Z @ 7
Event: 5.425 Thread 0x000000001b742800 Uncommon trap: reason=class_check action=maybe_recompile pc=0x0000000004ee6f7c method=com.google.common.collect.Iterators$6.hasNext()Z @ 7
Event: 5.425 Thread 0x000000001b742800 Uncommon trap: reason=class_check action=maybe_recompile pc=0x0000000004ee6f7c method=com.google.common.collect.Iterators$6.hasNext()Z @ 7
Event: 5.608 Thread 0x000000001b742800 Uncommon trap: reason=unstable_if action=reinterpret pc=0x0000000004cb2a4c method=java.util.HashMap.putVal(ILjava/lang/Object;Ljava/lang/Object;ZZ)Ljava/lang/Object; @ 162
Event: 5.608 Thread 0x000000001b742800 Uncommon trap: reason=unstable_if action=reinterpret pc=0x0000000004badabc method=java.util.HashMap.putVal(ILjava/lang/Object;Ljava/lang/Object;ZZ)Ljava/lang/Object; @ 162
Event: 5.608 Thread 0x000000001b742800 Uncommon trap: reason=unstable_if action=reinterpret pc=0x0000000004be39d4 method=java.util.HashMap.getNode(ILjava/lang/Object;)Ljava/util/HashMap$Node; @ 84
Event: 5.609 Thread 0x000000001b742800 Uncommon trap: reason=unstable_if action=reinterpret pc=0x0000000004b16388 method=java.util.HashMap.getNode(ILjava/lang/Object;)Ljava/util/HashMap$Node; @ 84
Event: 5.611 Thread 0x000000001b742800 Uncommon trap: reason=unstable_if action=reinterpret pc=0x0000000004c37e2c method=java.util.HashMap.resize()[Ljava/util/HashMap$Node; @ 206

Internal exceptions (10 events):
Event: 2.113 Thread 0x00000000046e4000 Implicit null exception at 0x0000000004ac9cef to 0x0000000004ac9d59
Event: 3.857 Thread 0x000000001b958000 Exception <a 'java/lang/NoClassDefFoundError': org/apache/pdfbox/pdmodel/PDDocument> (0x00000000d85f7460) thrown at [C:\re\workspace\8-2-build-windows-amd64-cygwin\jdk8u131\8869\hotspot\src\share\vm\classfile\systemDictionary.cpp, line 199]
Event: 4.181 Thread 0x000000001b95b000 Exception <a 'java/lang/NoClassDefFoundError': Lorg/apache/pdfbox/rendering/PDFRenderer;> (0x00000000d7f68658) thrown at [C:\re\workspace\8-2-build-windows-amd64-cygwin\jdk8u131\8869\hotspot\src\share\vm\classfile\systemDictionary.cpp, line 199]
Event: 5.074 Thread 0x000000001b95a800 Exception <a 'java/security/PrivilegedActionException'> (0x00000000d784d4e0) thrown at [C:\re\workspace\8-2-build-windows-amd64-cygwin\jdk8u131\8869\hotspot\src\share\vm\prims\jvm.cpp, line 1390]
Event: 5.074 Thread 0x000000001b958000 Exception <a 'java/security/PrivilegedActionException'> (0x00000000d80d5ed8) thrown at [C:\re\workspace\8-2-build-windows-amd64-cygwin\jdk8u131\8869\hotspot\src\share\vm\prims\jvm.cpp, line 1390]
Event: 5.095 Thread 0x000000001b95b000 Exception <a 'java/security/PrivilegedActionException'> (0x00000000d8177fb0) thrown at [C:\re\workspace\8-2-build-windows-amd64-cygwin\jdk8u131\8869\hotspot\src\share\vm\prims\jvm.cpp, line 1390]
Event: 5.101 Thread 0x000000001b742800 Implicit null exception at 0x0000000004d0bb36 to 0x0000000004d0be69
Event: 5.102 Thread 0x000000001b95b000 Exception <a 'java/security/PrivilegedActionException'> (0x00000000d8183c18) thrown at [C:\re\workspace\8-2-build-windows-amd64-cygwin\jdk8u131\8869\hotspot\src\share\vm\prims\jvm.cpp, line 1390]
Event: 5.548 Thread 0x000000001b742800 Exception <a 'java/lang/NullPointerException'> (0x00000000da9ae180) thrown at [C:\re\workspace\8-2-build-windows-amd64-cygwin\jdk8u131\8869\hotspot\src\share\vm\interpreter\linkResolver.cpp, line 1197]
Event: 5.548 Thread 0x000000001b742800 Exception <a 'java/lang/NullPointerException'> (0x00000000da9ae180) thrown at [C:\re\workspace\8-2-build-windows-amd64-cygwin\jdk8u131\8869\hotspot\src\share\vm\prims\jvm.cpp, line 1394]

Events (10 events):
Event: 6.081 loading class com/sun/glass/ui/win/WinSystemClipboard
Event: 6.081 loading class com/sun/glass/ui/win/WinSystemClipboard done
Event: 6.081 loading class com/sun/glass/ui/SystemClipboard
Event: 6.081 loading class com/sun/glass/ui/SystemClipboard done
Event: 6.081 loading class com/sun/glass/ui/win/WinDnDClipboard
Event: 6.081 loading class com/sun/glass/ui/win/WinDnDClipboard done
Event: 6.086 loading class com/sun/javafx/tk/quantum/QuantumClipboard
Event: 6.086 loading class com/sun/javafx/tk/quantum/QuantumClipboard done
Event: 6.089 loading class com/sun/javafx/util/WeakReferenceQueue$1
Event: 6.089 loading class com/sun/javafx/util/WeakReferenceQueue$1 done


Dynamic libraries:
0x00007ff7bf3f0000 - 0x00007ff7bf427000 	C:\Program Files\Java\jdk1.8.0_131\bin\java.exe
0x00007ffa82130000 - 0x00007ffa82310000 	C:\WINDOWS\SYSTEM32\ntdll.dll
0x00007ffa81470000 - 0x00007ffa8151e000 	C:\WINDOWS\System32\KERNEL32.DLL
0x00007ffa7e920000 - 0x00007ffa7eb86000 	C:\WINDOWS\System32\KERNELBASE.dll
0x00007ffa7f790000 - 0x00007ffa7f831000 	C:\WINDOWS\System32\ADVAPI32.dll
0x00007ffa7fa90000 - 0x00007ffa7fb2d000 	C:\WINDOWS\System32\msvcrt.dll
0x00007ffa7f660000 - 0x00007ffa7f6bb000 	C:\WINDOWS\System32\sechost.dll
0x00007ffa81de0000 - 0x00007ffa81eff000 	C:\WINDOWS\System32\RPCRT4.dll
0x00007ffa81b10000 - 0x00007ffa81c9f000 	C:\WINDOWS\System32\USER32.dll
0x00007ffa7e630000 - 0x00007ffa7e650000 	C:\WINDOWS\System32\win32u.dll
0x00007ffa7f980000 - 0x00007ffa7f9a8000 	C:\WINDOWS\System32\GDI32.dll
0x00007ffa7eb90000 - 0x00007ffa7ed23000 	C:\WINDOWS\System32\gdi32full.dll
0x00007ffa7f4e0000 - 0x00007ffa7f57b000 	C:\WINDOWS\System32\msvcp_win.dll
0x00007ffa7e530000 - 0x00007ffa7e626000 	C:\WINDOWS\System32\ucrtbase.dll
0x00007ffa70180000 - 0x00007ffa703e9000 	C:\WINDOWS\WinSxS\amd64_microsoft.windows.common-controls_6595b64144ccf1df_6.0.16299.248_none_15ced204935f55d7\COMCTL32.dll
0x00007ffa81520000 - 0x00007ffa81828000 	C:\WINDOWS\System32\combase.dll
0x00007ffa7f580000 - 0x00007ffa7f5f2000 	C:\WINDOWS\System32\bcryptPrimitives.dll
0x00007ffa7f950000 - 0x00007ffa7f97d000 	C:\WINDOWS\System32\IMM32.DLL
0x0000000066c90000 - 0x0000000066d62000 	C:\Program Files\Java\jdk1.8.0_131\jre\bin\msvcr100.dll
0x0000000065210000 - 0x0000000065aac000 	C:\Program Files\Java\jdk1.8.0_131\jre\bin\server\jvm.dll
0x00007ffa81460000 - 0x00007ffa81468000 	C:\WINDOWS\System32\PSAPI.DLL
0x00007ffa6bf90000 - 0x00007ffa6bf99000 	C:\WINDOWS\SYSTEM32\WSOCK32.dll
0x00007ffa7f9b0000 - 0x00007ffa7fa1c000 	C:\WINDOWS\System32\WS2_32.dll
0x00007ffa7aae0000 - 0x00007ffa7ab03000 	C:\WINDOWS\SYSTEM32\WINMM.dll
0x00007ffa78750000 - 0x00007ffa7875a000 	C:\WINDOWS\SYSTEM32\VERSION.dll
0x00007ffa7aa80000 - 0x00007ffa7aaaa000 	C:\WINDOWS\SYSTEM32\WINMMBASE.dll
0x00007ffa7e8d0000 - 0x00007ffa7e91a000 	C:\WINDOWS\System32\cfgmgr32.dll
0x000000006dc80000 - 0x000000006dc8f000 	C:\Program Files\Java\jdk1.8.0_131\jre\bin\verify.dll
0x000000006dc50000 - 0x000000006dc79000 	C:\Program Files\Java\jdk1.8.0_131\jre\bin\java.dll
0x000000006d450000 - 0x000000006d473000 	C:\Program Files\Java\jdk1.8.0_131\jre\bin\instrument.dll
0x000000006dc30000 - 0x000000006dc46000 	C:\Program Files\Java\jdk1.8.0_131\jre\bin\zip.dll
0x00007ffa80020000 - 0x00007ffa81456000 	C:\WINDOWS\System32\SHELL32.dll
0x00007ffa81ca0000 - 0x00007ffa81d46000 	C:\WINDOWS\System32\shcore.dll
0x00007ffa7ed30000 - 0x00007ffa7f477000 	C:\WINDOWS\System32\windows.storage.dll
0x00007ffa7fa30000 - 0x00007ffa7fa81000 	C:\WINDOWS\System32\shlwapi.dll
0x00007ffa7e480000 - 0x00007ffa7e491000 	C:\WINDOWS\System32\kernel.appcore.dll
0x00007ffa7e4c0000 - 0x00007ffa7e50c000 	C:\WINDOWS\System32\powrprof.dll
0x00007ffa7e510000 - 0x00007ffa7e52b000 	C:\WINDOWS\System32\profapi.dll
0x00007ffa780a0000 - 0x00007ffa780ba000 	F:\Toolbox\apps\IDEA-U\ch-0\173.4301.25\bin\breakgen64.dll
0x000000006dc10000 - 0x000000006dc2a000 	C:\Program Files\Java\jdk1.8.0_131\jre\bin\net.dll
0x00007ffa7dd10000 - 0x00007ffa7dd76000 	C:\WINDOWS\system32\mswsock.dll
0x00007ffa6cbb0000 - 0x00007ffa6cc9f000 	C:\Program Files\Java\jdk1.8.0_131\jre\bin\msvcr120.dll
0x00007ffa68370000 - 0x00007ffa68416000 	C:\Program Files\Java\jdk1.8.0_131\jre\bin\msvcp120.dll
0x000000006d420000 - 0x000000006d442000 	C:\Program Files\Java\jdk1.8.0_131\jre\bin\prism_d3d.dll
0x00007ffa76f70000 - 0x00007ffa77105000 	C:\WINDOWS\system32\d3d9.dll
0x00007ffa7c920000 - 0x00007ffa7c94a000 	C:\WINDOWS\SYSTEM32\dwmapi.dll
0x00007ffa7c3b0000 - 0x00007ffa7c445000 	C:\WINDOWS\system32\uxtheme.dll
0x00007ffa762e0000 - 0x00007ffa763cb000 	C:\WINDOWS\System32\DriverStore\FileRepository\nv_dispi.inf_amd64_7a39871618b19f06\nvldumdx.dll
0x00007ffa7e650000 - 0x00007ffa7e81e000 	C:\WINDOWS\System32\crypt32.dll
0x00007ffa7e4a0000 - 0x00007ffa7e4b2000 	C:\WINDOWS\System32\MSASN1.dll
0x00007ffa7f480000 - 0x00007ffa7f4d8000 	C:\WINDOWS\System32\WINTRUST.DLL
0x00007ffa819a0000 - 0x00007ffa819bd000 	C:\WINDOWS\System32\imagehlp.dll
0x00007ffa7ded0000 - 0x00007ffa7dee7000 	C:\WINDOWS\SYSTEM32\CRYPTSP.dll
0x00007ffa7d920000 - 0x00007ffa7d953000 	C:\WINDOWS\system32\rsaenh.dll
0x00007ffa7dfe0000 - 0x00007ffa7e005000 	C:\WINDOWS\SYSTEM32\bcrypt.dll
0x00007ffa7def0000 - 0x00007ffa7defb000 	C:\WINDOWS\SYSTEM32\CRYPTBASE.dll
0x00007ffa53fb0000 - 0x00007ffa551bd000 	C:\WINDOWS\System32\DriverStore\FileRepository\nv_dispi.inf_amd64_7a39871618b19f06\nvd3dumx.dll
0x0000000067a30000 - 0x0000000067a73000 	C:\Program Files\Java\jdk1.8.0_131\jre\bin\glass.dll
0x00007ffa7f840000 - 0x00007ffa7f94a000 	C:\WINDOWS\System32\COMDLG32.dll
0x00007ffa819c0000 - 0x00007ffa81b09000 	C:\WINDOWS\System32\ole32.dll
0x00007ffa7f6c0000 - 0x00007ffa7f785000 	C:\WINDOWS\System32\OLEAUT32.dll
0x00007ffa81830000 - 0x00007ffa81997000 	C:\WINDOWS\System32\MSCTF.dll
0x00007ffa70b20000 - 0x00007ffa70c0b000 	C:\Program Files (x86)\NVIDIA Corporation\3D Vision\nvSCPAPI64.dll
0x00007ffa7fb30000 - 0x00007ffa7ff7e000 	C:\WINDOWS\System32\SETUPAPI.dll
0x00007ffa524d0000 - 0x00007ffa52729000 	C:\WINDOWS\system32\nvspcap64.dll
0x00007ffa7d5c0000 - 0x00007ffa7d5f1000 	C:\WINDOWS\SYSTEM32\ntmarta.dll
0x000000006dc00000 - 0x000000006dc0d000 	C:\Program Files\Java\jdk1.8.0_131\jre\bin\management.dll
0x00007ffa68c60000 - 0x00007ffa68c76000 	C:\WINDOWS\system32\napinsp.dll
0x00007ffa68310000 - 0x00007ffa6832a000 	C:\WINDOWS\system32\pnrpnsp.dll
0x00007ffa7ac00000 - 0x00007ffa7ac18000 	C:\WINDOWS\system32\NLAapi.dll
0x00007ffa7dae0000 - 0x00007ffa7db96000 	C:\WINDOWS\SYSTEM32\DNSAPI.dll
0x00007ffa7fa20000 - 0x00007ffa7fa28000 	C:\WINDOWS\System32\NSI.dll
0x00007ffa7daa0000 - 0x00007ffa7dad9000 	C:\WINDOWS\SYSTEM32\IPHLPAPI.DLL
0x00007ffa6f470000 - 0x00007ffa6f47e000 	C:\WINDOWS\System32\winrnr.dll
0x000000006dd20000 - 0x000000006dd46000 	C:\Program Files\Bonjour\mdnsNSP.dll
0x00007ffa739b0000 - 0x00007ffa739ba000 	C:\Windows\System32\rasadhlp.dll
0x00007ffa788a0000 - 0x00007ffa78910000 	C:\WINDOWS\System32\fwpuclnt.dll
0x000000006d3d0000 - 0x000000006d3e1000 	C:\Program Files\Java\jdk1.8.0_131\jre\bin\nio.dll
0x0000000066af0000 - 0x0000000066c88000 	C:\Program Files\Java\jdk1.8.0_131\jre\bin\awt.dll
0x00007ffa7c280000 - 0x00007ffa7c308000 	C:\WINDOWS\SYSTEM32\apphelp.dll
0x00007ffa7e3b0000 - 0x00007ffa7e3d9000 	C:\WINDOWS\SYSTEM32\USERENV.dll
0x00007ffa7a150000 - 0x00007ffa7a166000 	C:\WINDOWS\SYSTEM32\dhcpcsvc6.DLL
0x00007ffa79890000 - 0x00007ffa798aa000 	C:\WINDOWS\SYSTEM32\dhcpcsvc.DLL
0x00007ffa52730000 - 0x00007ffa5284e000 	C:\WINDOWS\system32\opengl32.dll
0x00007ffa5bb30000 - 0x00007ffa5bb5c000 	C:\WINDOWS\SYSTEM32\GLU32.dll
0x0000000066aa0000 - 0x0000000066ae7000 	C:\Program Files\Java\jdk1.8.0_131\jre\bin\fontmanager.dll
0x0000000066a50000 - 0x0000000066a92000 	C:\Program Files\Java\jdk1.8.0_131\jre\bin\t2k.dll
0x00007ffa74bd0000 - 0x00007ffa74c68000 	C:\WINDOWS\System32\TextInputFramework.dll
0x00007ffa7b6b0000 - 0x00007ffa7b78c000 	C:\WINDOWS\System32\CoreMessaging.dll
0x00007ffa78e90000 - 0x00007ffa7917e000 	C:\WINDOWS\System32\CoreUIComponents.dll
0x00007ffa796c0000 - 0x00007ffa797f6000 	C:\WINDOWS\SYSTEM32\wintypes.dll
0x000000006d400000 - 0x000000006d414000 	C:\Program Files\Java\jdk1.8.0_131\jre\bin\javafx_font.dll
0x00007ffa70400000 - 0x00007ffa7070f000 	C:\WINDOWS\SYSTEM32\dwrite.dll
0x00007ffa7a560000 - 0x00007ffa7a5a4000 	C:\WINDOWS\SYSTEM32\edputil.dll
0x00007ffa6d560000 - 0x00007ffa6d728000 	C:\WINDOWS\SYSTEM32\dbghelp.dll

VM Arguments:
jvm_args: -javaagent:F:\Toolbox\apps\IDEA-U\ch-0\173.4301.25\lib\idea_rt.jar=52318:F:\Toolbox\apps\IDEA-U\ch-0\173.4301.25\bin -Dfile.encoding=UTF-8 
java_command: org.pcsoft.app.jimix.app.App --pluginPath=plugins/impl/base/target/classes M:\Bilder\Furries\kiss.png
java_class_path (initial): C:\Program Files\Java\jdk1.8.0_131\jre\lib\charsets.jar;C:\Program Files\Java\jdk1.8.0_131\jre\lib\deploy.jar;C:\Program Files\Java\jdk1.8.0_131\jre\lib\ext\access-bridge-64.jar;C:\Program Files\Java\jdk1.8.0_131\jre\lib\ext\cldrdata.jar;C:\Program Files\Java\jdk1.8.0_131\jre\lib\ext\dnsns.jar;C:\Program Files\Java\jdk1.8.0_131\jre\lib\ext\jaccess.jar;C:\Program Files\Java\jdk1.8.0_131\jre\lib\ext\jfxrt.jar;C:\Program Files\Java\jdk1.8.0_131\jre\lib\ext\localedata.jar;C:\Program Files\Java\jdk1.8.0_131\jre\lib\ext\nashorn.jar;C:\Program Files\Java\jdk1.8.0_131\jre\lib\ext\sunec.jar;C:\Program Files\Java\jdk1.8.0_131\jre\lib\ext\sunjce_provider.jar;C:\Program Files\Java\jdk1.8.0_131\jre\lib\ext\sunmscapi.jar;C:\Program Files\Java\jdk1.8.0_131\jre\lib\ext\sunpkcs11.jar;C:\Program Files\Java\jdk1.8.0_131\jre\lib\ext\zipfs.jar;C:\Program Files\Java\jdk1.8.0_131\jre\lib\javaws.jar;C:\Program Files\Java\jdk1.8.0_131\jre\lib\jce.jar;C:\Program Files\Java\jdk1.8.0_131\jre\lib\jfr.jar;C:\Program Files\Java\jdk1.8.0_131\jre\lib\jfxswt.jar;C:\Program Files\Java\jdk1.8.0_131\jre\lib\jsse.jar;C:\Program Files\Java\jdk1.8.0_131\jre\lib\management-agent.jar;C:\Program Files\Java\jdk1.8.0_131\jre\lib\plugin.jar;C:\Program Files\Java\jdk1.8.0_131\jre\lib\resources.jar;C:\Program Files\Java\jdk1.8.0_131\jre\lib\rt.jar;G:\Workspace\Application_Workspaces\Apps\jimix\app\target\classes;G:\Workspace\Application_Workspaces\Apps\jimix\commons\target\classes;G:\Workspace\Application_Workspaces\Apps\jimix\plugins\api\target\classes;G:\Workspace\Application_Workspaces\Apps\jimix\core\target\classes;C:\Users\Christoph\.m2\repository\org\apache\logging\log4j\log4j-slf4j-impl\2.4.1\log4j-slf4j-impl-2.4.1.jar;C:\Users\Christoph\.m2\repository\org\apache\logging\log4j\log4j-api\2.4.1\log4j-api-2.4.1.jar;C:\Users\Christoph\.m2\repository\org\apache\logging\log4j\log4j-core\2.4.1\log4j-core-2.4.1.jar;C:\Users\Christoph\.m2\repository\org\controlsfx\controlsfx\8.40.12\con
Launcher Type: SUN_STANDARD

Environment Variables:
JAVA_HOME=C:\Program Files\Java\jdk1.8.0_131
PATH=C:\WINDOWS\system32;C:\WINDOWS;C:\WINDOWS\System32\Wbem;C:\WINDOWS\System32\WindowsPowerShell\v1.0\;F:\apache-maven-3.3.3\bin;C:\Program Files (x86)\NVIDIA Corporation\PhysX\Common;C:\Program Files\Microsoft SQL Server\130\Tools\Binn\;C:\Program Files\dotnet\;C:\Program Files (x86)\GtkSharp\2.12\bin;C:\WINDOWS\system32;C:\WINDOWS;C:\WINDOWS\System32\Wbem;C:\WINDOWS\System32\WindowsPowerShell\v1.0\;C:\Program Files\TortoiseHg\;C:\Program Files\LLVM\bin;C:\Program Files\Git\cmd;C:\Program Files (x86)\Gpg4win\..\GnuPG\bin;C:\Users\Christoph\AppData\Local\Microsoft\WindowsApps;C:\Users\Christoph\AppData\Local\GitHubDesktop\bin;C:\Users\Christoph\AppData\Local\Microsoft\WindowsApps;C:\Users\Christoph\AppData\Local\atom\bin
USERNAME=Christoph
OS=Windows_NT
PROCESSOR_IDENTIFIER=Intel64 Family 6 Model 23 Stepping 10, GenuineIntel



---------------  S Y S T E M  ---------------

OS: Windows 10.0 , 64 bit Build 16299 (10.0.16299.15)

CPU:total 4 (initial active 4) (4 cores per cpu, 1 threads per core) family 6 model 23 stepping 10, cmov, cx8, fxsr, mmx, sse, sse2, sse3, ssse3, sse4.1, tsc

Memory: 4k page, physical 8387624k(3743428k free), swap 9698344k(3615560k free)

vm_info: Java HotSpot(TM) 64-Bit Server VM (25.131-b11) for windows-amd64 JRE (1.8.0_131-b11), built on Mar 15 2017 01:23:53 by "java_re" with MS VC++ 10.0 (VS2010)

time: Wed Feb 28 20:32:54 2018
elapsed time: 6 seconds (0d 0h 0m 6s)

