2018-03-13 16:22:05.402 [main] ERROR org.pcsoft.app.jimix.core.util.ImageBuilder - unable to build element f20e6db1-60ef-4a52-ac97-08acb57f86eb: no element builder found, skip
2018-03-13 16:22:05.417 [main] INFO  org.pcsoft.app.jimix.core.project.ProjectManager - Create native project 52b23b1b-41b9-4d92-9b7b-0eb48cade7d3
2018-03-13 16:22:05.418 [main] INFO  org.pcsoft.app.jimix.core.project.ProjectManager - Create empty project
2018-03-13 16:22:05.418 [main] INFO  org.pcsoft.app.jimix.core.project.ProjectManager - Create native project cfda1e4c-ae55-4668-8fda-b5e6378460cf
2018-03-13 16:22:05.419 [main] INFO  org.pcsoft.app.jimix.core.project.ProjectManager - Create layer 7a939629-4eb3-4204-bea4-51855dc0bdc7 for project cfda1e4c-ae55-4668-8fda-b5e6378460cf
2018-03-13 16:22:05.428 [main] ERROR org.pcsoft.app.jimix.core.util.ImageBuilder - Unable to run blender
org.pcsoft.app.jimix.commons.exception.JimixPluginExecutionException: Error while running blender
	at org.pcsoft.app.jimix.plugin.manipulation.manager.type.JimixBlenderPlugin.apply(JimixBlenderPlugin.java:67) ~[jimix-plugins.manipulation.manager-1.0.0-SNAPSHOT.jar:?]
	at org.pcsoft.app.jimix.plugin.manipulation.manager.type.JimixBlenderInstance.apply(JimixBlenderInstance.java:19) ~[jimix-plugins.manipulation.manager-1.0.0-SNAPSHOT.jar:?]
	at org.pcsoft.app.jimix.core.util.ImageBuilder.buildProjectImage(ImageBuilder.java:54) ~[classes/:?]
	at org.pcsoft.app.jimix.core.project.JimixProject.lambda$new$2(JimixProject.java:73) ~[classes/:?]
	at javafx.beans.binding.Bindings$6.computeValue(Bindings.java:338) ~[jfxrt.jar:?]
	at javafx.beans.binding.ObjectBinding.get(ObjectBinding.java:153) ~[jfxrt.jar:?]
	at javafx.beans.binding.ObjectExpression.getValue(ObjectExpression.java:50) ~[jfxrt.jar:?]
	at com.sun.javafx.binding.ExpressionHelper$SingleChange.fireValueChangedEvent(ExpressionHelper.java:178) ~[jfxrt.jar:?]
	at com.sun.javafx.binding.ExpressionHelper.fireValueChangedEvent(ExpressionHelper.java:81) ~[jfxrt.jar:?]
	at javafx.beans.binding.ObjectBinding.invalidate(ObjectBinding.java:172) ~[jfxrt.jar:?]
	at com.sun.javafx.binding.BindingHelperObserver.invalidated(BindingHelperObserver.java:51) ~[jfxrt.jar:?]
	at com.sun.javafx.binding.ListExpressionHelper$Generic.notifyListeners(ListExpressionHelper.java:584) ~[jfxrt.jar:?]
	at com.sun.javafx.binding.ListExpressionHelper$Generic.fireValueChangedEvent(ListExpressionHelper.java:571) ~[jfxrt.jar:?]
	at com.sun.javafx.binding.ListExpressionHelper.fireValueChangedEvent(ListExpressionHelper.java:109) ~[jfxrt.jar:?]
	at javafx.beans.property.ReadOnlyListPropertyBase.fireValueChangedEvent(ReadOnlyListPropertyBase.java:104) ~[jfxrt.jar:?]
	at javafx.beans.property.ReadOnlyListWrapper.fireValueChangedEvent(ReadOnlyListWrapper.java:117) ~[jfxrt.jar:?]
	at javafx.beans.property.ListPropertyBase.lambda$new$39(ListPropertyBase.java:56) ~[jfxrt.jar:?]
	at com.sun.javafx.collections.ListListenerHelper$SingleChange.fireValueChangedEvent(ListListenerHelper.java:164) ~[jfxrt.jar:?]
	at com.sun.javafx.collections.ListListenerHelper.fireValueChangedEvent(ListListenerHelper.java:73) ~[jfxrt.jar:?]
	at javafx.collections.ObservableListBase.fireChange(ObservableListBase.java:233) ~[jfxrt.jar:?]
	at javafx.collections.ListChangeBuilder.commit(ListChangeBuilder.java:482) ~[jfxrt.jar:?]
	at javafx.collections.ListChangeBuilder.endChange(ListChangeBuilder.java:541) ~[jfxrt.jar:?]
	at javafx.collections.ObservableListBase.endChange(ObservableListBase.java:205) ~[jfxrt.jar:?]
	at javafx.collections.ModifiableObservableListBase.add(ModifiableObservableListBase.java:155) ~[jfxrt.jar:?]
	at java.util.AbstractList.add(AbstractList.java:108) ~[?:1.8.0_144]
	at javafx.beans.binding.ListExpression.add(ListExpression.java:248) ~[jfxrt.jar:?]
	at org.pcsoft.app.jimix.core.project.JimixProject.lambda$new$0(JimixProject.java:41) ~[classes/:?]
	at com.sun.javafx.binding.MapExpressionHelper$SingleMapChange.fireValueChangedEvent(MapExpressionHelper.java:309) ~[jfxrt.jar:?]
	at com.sun.javafx.binding.MapExpressionHelper.fireValueChangedEvent(MapExpressionHelper.java:95) ~[jfxrt.jar:?]
	at javafx.beans.property.ReadOnlyMapPropertyBase.fireValueChangedEvent(ReadOnlyMapPropertyBase.java:104) ~[jfxrt.jar:?]
	at javafx.beans.property.ReadOnlyMapWrapper.fireValueChangedEvent(ReadOnlyMapWrapper.java:117) ~[jfxrt.jar:?]
	at javafx.beans.property.MapPropertyBase.lambda$new$40(MapPropertyBase.java:56) ~[jfxrt.jar:?]
	at com.sun.javafx.collections.MapListenerHelper$SingleChange.fireValueChangedEvent(MapListenerHelper.java:163) [jfxrt.jar:?]
	at com.sun.javafx.collections.MapListenerHelper.fireValueChangedEvent(MapListenerHelper.java:72) [jfxrt.jar:?]
	at com.sun.javafx.collections.ObservableMapWrapper.callObservers(ObservableMapWrapper.java:115) [jfxrt.jar:?]
	at com.sun.javafx.collections.ObservableMapWrapper.put(ObservableMapWrapper.java:173) [jfxrt.jar:?]
	at org.pcsoft.app.jimix.core.project.ProjectManager.createLayerForProject(ProjectManager.java:116) [classes/:?]
	at org.pcsoft.app.jimix.core.project.ProjectManager.createLayerForProject(ProjectManager.java:105) [classes/:?]
	at org.pcsoft.app.jimix.core.project.ProjectManagerTest.testRefresh(ProjectManagerTest.java:31) [test-classes/:?]
	at sun.reflect.NativeMethodAccessorImpl.invoke0(Native Method) ~[?:1.8.0_144]
	at sun.reflect.NativeMethodAccessorImpl.invoke(NativeMethodAccessorImpl.java:62) ~[?:1.8.0_144]
	at sun.reflect.DelegatingMethodAccessorImpl.invoke(DelegatingMethodAccessorImpl.java:43) ~[?:1.8.0_144]
	at java.lang.reflect.Method.invoke(Method.java:498) ~[?:1.8.0_144]
	at org.junit.runners.model.FrameworkMethod$1.runReflectiveCall(FrameworkMethod.java:47) [junit-4.11.jar:?]
	at org.junit.internal.runners.model.ReflectiveCallable.run(ReflectiveCallable.java:12) [junit-4.11.jar:?]
	at org.junit.runners.model.FrameworkMethod.invokeExplosively(FrameworkMethod.java:44) [junit-4.11.jar:?]
	at org.junit.internal.runners.statements.InvokeMethod.evaluate(InvokeMethod.java:17) [junit-4.11.jar:?]
	at org.junit.runners.ParentRunner.runLeaf(ParentRunner.java:271) [junit-4.11.jar:?]
	at org.junit.runners.BlockJUnit4ClassRunner.runChild(BlockJUnit4ClassRunner.java:70) [junit-4.11.jar:?]
	at org.junit.runners.BlockJUnit4ClassRunner.runChild(BlockJUnit4ClassRunner.java:50) [junit-4.11.jar:?]
	at org.junit.runners.ParentRunner$3.run(ParentRunner.java:238) [junit-4.11.jar:?]
	at org.junit.runners.ParentRunner$1.schedule(ParentRunner.java:63) [junit-4.11.jar:?]
	at org.junit.runners.ParentRunner.runChildren(ParentRunner.java:236) [junit-4.11.jar:?]
	at org.junit.runners.ParentRunner.access$000(ParentRunner.java:53) [junit-4.11.jar:?]
	at org.junit.runners.ParentRunner$2.evaluate(ParentRunner.java:229) [junit-4.11.jar:?]
	at org.junit.runners.ParentRunner.run(ParentRunner.java:309) [junit-4.11.jar:?]
	at org.apache.maven.surefire.junit4.JUnit4Provider.execute(JUnit4Provider.java:252) [surefire-junit4-2.12.4.jar:2.12.4]
	at org.apache.maven.surefire.junit4.JUnit4Provider.executeTestSet(JUnit4Provider.java:141) [surefire-junit4-2.12.4.jar:2.12.4]
	at org.apache.maven.surefire.junit4.JUnit4Provider.invoke(JUnit4Provider.java:112) [surefire-junit4-2.12.4.jar:2.12.4]
	at sun.reflect.NativeMethodAccessorImpl.invoke0(Native Method) ~[?:1.8.0_144]
	at sun.reflect.NativeMethodAccessorImpl.invoke(NativeMethodAccessorImpl.java:62) ~[?:1.8.0_144]
	at sun.reflect.DelegatingMethodAccessorImpl.invoke(DelegatingMethodAccessorImpl.java:43) ~[?:1.8.0_144]
	at java.lang.reflect.Method.invoke(Method.java:498) ~[?:1.8.0_144]
	at org.apache.maven.surefire.util.ReflectionUtils.invokeMethodWithArray(ReflectionUtils.java:189) [surefire-api-2.12.4.jar:2.12.4]
	at org.apache.maven.surefire.booter.ProviderFactory$ProviderProxy.invoke(ProviderFactory.java:165) [surefire-booter-2.12.4.jar:2.12.4]
	at org.apache.maven.surefire.booter.ProviderFactory.invokeProvider(ProviderFactory.java:85) [surefire-booter-2.12.4.jar:2.12.4]
	at org.apache.maven.surefire.booter.ForkedBooter.runSuitesInProcess(ForkedBooter.java:115) [surefire-booter-2.12.4.jar:2.12.4]
	at org.apache.maven.surefire.booter.ForkedBooter.main(ForkedBooter.java:75) [surefire-booter-2.12.4.jar:2.12.4]
Caused by: java.lang.RuntimeException: Internal graphics not initialized yet
	at com.sun.glass.ui.Screen.getScreens(Screen.java:70) ~[jfxrt.jar:?]
	at com.sun.glass.ui.Screen.getMainScreen(Screen.java:61) ~[jfxrt.jar:?]
	at com.sun.javafx.font.PrismFontFactory.getSystemFontSize(PrismFontFactory.java:1911) ~[jfxrt.jar:?]
	at com.sun.javafx.font.PrismFontLoader.getSystemFontSize(PrismFontLoader.java:241) ~[jfxrt.jar:?]
	at javafx.scene.text.Font.getDefaultSystemFontSize(Font.java:71) ~[jfxrt.jar:?]
	at javafx.scene.text.Font.getDefault(Font.java:86) ~[jfxrt.jar:?]
	at javafx.scene.canvas.GraphicsContext$State.init(GraphicsContext.java:540) ~[jfxrt.jar:?]
	at javafx.scene.canvas.GraphicsContext$State.<init>(GraphicsContext.java:530) ~[jfxrt.jar:?]
	at javafx.scene.canvas.GraphicsContext.<init>(GraphicsContext.java:504) ~[jfxrt.jar:?]
	at javafx.scene.canvas.Canvas.getGraphicsContext2D(Canvas.java:136) ~[jfxrt.jar:?]
	at org.pcsoft.app.jimix.core.plugin.builtin.blender.OverlayBlender.apply(OverlayBlender.java:16) ~[classes/:?]
	at org.pcsoft.app.jimix.plugin.manipulation.manager.type.JimixBlenderPlugin.apply(JimixBlenderPlugin.java:65) ~[jimix-plugins.manipulation.manager-1.0.0-SNAPSHOT.jar:?]
	... 67 more
2018-03-13 16:22:05.439 [main] ERROR org.pcsoft.app.jimix.core.util.ImageBuilder - Unable to run blender
org.pcsoft.app.jimix.commons.exception.JimixPluginExecutionException: Error while running blender
	at org.pcsoft.app.jimix.plugin.manipulation.manager.type.JimixBlenderPlugin.apply(JimixBlenderPlugin.java:67) ~[jimix-plugins.manipulation.manager-1.0.0-SNAPSHOT.jar:?]
	at org.pcsoft.app.jimix.plugin.manipulation.manager.type.JimixBlenderInstance.apply(JimixBlenderInstance.java:19) ~[jimix-plugins.manipulation.manager-1.0.0-SNAPSHOT.jar:?]
	at org.pcsoft.app.jimix.core.util.ImageBuilder.buildProjectImage(ImageBuilder.java:54) ~[classes/:?]
	at org.pcsoft.app.jimix.core.project.JimixProject.lambda$new$2(JimixProject.java:73) ~[classes/:?]
	at javafx.beans.binding.Bindings$6.computeValue(Bindings.java:338) ~[jfxrt.jar:?]
	at javafx.beans.binding.ObjectBinding.get(ObjectBinding.java:153) ~[jfxrt.jar:?]
	at javafx.beans.binding.ObjectExpression.getValue(ObjectExpression.java:50) ~[jfxrt.jar:?]
	at com.sun.javafx.binding.ExpressionHelper$SingleChange.fireValueChangedEvent(ExpressionHelper.java:178) ~[jfxrt.jar:?]
	at com.sun.javafx.binding.ExpressionHelper.fireValueChangedEvent(ExpressionHelper.java:81) ~[jfxrt.jar:?]
	at javafx.beans.binding.ObjectBinding.invalidate(ObjectBinding.java:172) ~[jfxrt.jar:?]
	at com.sun.javafx.binding.BindingHelperObserver.invalidated(BindingHelperObserver.java:51) ~[jfxrt.jar:?]
	at com.sun.javafx.binding.ListExpressionHelper$SingleInvalidation.fireValueChangedEvent(ListExpressionHelper.java:183) ~[jfxrt.jar:?]
	at com.sun.javafx.binding.ListExpressionHelper.fireValueChangedEvent(ListExpressionHelper.java:109) ~[jfxrt.jar:?]
	at javafx.beans.property.ReadOnlyListPropertyBase.fireValueChangedEvent(ReadOnlyListPropertyBase.java:104) ~[jfxrt.jar:?]
	at javafx.beans.property.ReadOnlyListWrapper.fireValueChangedEvent(ReadOnlyListWrapper.java:117) ~[jfxrt.jar:?]
	at javafx.beans.property.ListPropertyBase.lambda$new$39(ListPropertyBase.java:56) ~[jfxrt.jar:?]
	at com.sun.javafx.collections.ListListenerHelper$SingleChange.fireValueChangedEvent(ListListenerHelper.java:164) ~[jfxrt.jar:?]
	at com.sun.javafx.collections.ListListenerHelper.fireValueChangedEvent(ListListenerHelper.java:73) ~[jfxrt.jar:?]
	at javafx.collections.ObservableListBase.fireChange(ObservableListBase.java:233) ~[jfxrt.jar:?]
	at javafx.collections.ListChangeBuilder.commit(ListChangeBuilder.java:482) ~[jfxrt.jar:?]
	at javafx.collections.ListChangeBuilder.endChange(ListChangeBuilder.java:541) ~[jfxrt.jar:?]
	at javafx.collections.ObservableListBase.endChange(ObservableListBase.java:205) ~[jfxrt.jar:?]
	at javafx.collections.ModifiableObservableListBase.addAll(ModifiableObservableListBase.java:102) ~[jfxrt.jar:?]
	at org.pcsoft.app.jimix.core.project.JimixProject.lambda$new$1(JimixProject.java:56) ~[classes/:?]
	at com.sun.javafx.binding.ListExpressionHelper$Generic.notifyListeners(ListExpressionHelper.java:593) ~[jfxrt.jar:?]
	at com.sun.javafx.binding.ListExpressionHelper$Generic.fireValueChangedEvent(ListExpressionHelper.java:571) ~[jfxrt.jar:?]
	at com.sun.javafx.binding.ListExpressionHelper.fireValueChangedEvent(ListExpressionHelper.java:109) ~[jfxrt.jar:?]
	at javafx.beans.property.ReadOnlyListPropertyBase.fireValueChangedEvent(ReadOnlyListPropertyBase.java:104) ~[jfxrt.jar:?]
	at javafx.beans.property.ReadOnlyListWrapper.fireValueChangedEvent(ReadOnlyListWrapper.java:117) ~[jfxrt.jar:?]
	at javafx.beans.property.ListPropertyBase.lambda$new$39(ListPropertyBase.java:56) ~[jfxrt.jar:?]
	at com.sun.javafx.collections.ListListenerHelper$SingleChange.fireValueChangedEvent(ListListenerHelper.java:164) ~[jfxrt.jar:?]
	at com.sun.javafx.collections.ListListenerHelper.fireValueChangedEvent(ListListenerHelper.java:73) ~[jfxrt.jar:?]
	at javafx.collections.ObservableListBase.fireChange(ObservableListBase.java:233) ~[jfxrt.jar:?]
	at javafx.collections.ListChangeBuilder.commit(ListChangeBuilder.java:482) ~[jfxrt.jar:?]
	at javafx.collections.ListChangeBuilder.endChange(ListChangeBuilder.java:541) ~[jfxrt.jar:?]
	at javafx.collections.ObservableListBase.endChange(ObservableListBase.java:205) ~[jfxrt.jar:?]
	at javafx.collections.ModifiableObservableListBase.add(ModifiableObservableListBase.java:155) ~[jfxrt.jar:?]
	at java.util.AbstractList.add(AbstractList.java:108) ~[?:1.8.0_144]
	at javafx.beans.binding.ListExpression.add(ListExpression.java:248) ~[jfxrt.jar:?]
	at org.pcsoft.app.jimix.core.project.JimixProject.lambda$new$0(JimixProject.java:41) ~[classes/:?]
	at com.sun.javafx.binding.MapExpressionHelper$SingleMapChange.fireValueChangedEvent(MapExpressionHelper.java:309) ~[jfxrt.jar:?]
	at com.sun.javafx.binding.MapExpressionHelper.fireValueChangedEvent(MapExpressionHelper.java:95) ~[jfxrt.jar:?]
	at javafx.beans.property.ReadOnlyMapPropertyBase.fireValueChangedEvent(ReadOnlyMapPropertyBase.java:104) ~[jfxrt.jar:?]
	at javafx.beans.property.ReadOnlyMapWrapper.fireValueChangedEvent(ReadOnlyMapWrapper.java:117) ~[jfxrt.jar:?]
	at javafx.beans.property.MapPropertyBase.lambda$new$40(MapPropertyBase.java:56) ~[jfxrt.jar:?]
	at com.sun.javafx.collections.MapListenerHelper$SingleChange.fireValueChangedEvent(MapListenerHelper.java:163) [jfxrt.jar:?]
	at com.sun.javafx.collections.MapListenerHelper.fireValueChangedEvent(MapListenerHelper.java:72) [jfxrt.jar:?]
	at com.sun.javafx.collections.ObservableMapWrapper.callObservers(ObservableMapWrapper.java:115) [jfxrt.jar:?]
	at com.sun.javafx.collections.ObservableMapWrapper.put(ObservableMapWrapper.java:173) [jfxrt.jar:?]
	at org.pcsoft.app.jimix.core.project.ProjectManager.createLayerForProject(ProjectManager.java:116) [classes/:?]
	at org.pcsoft.app.jimix.core.project.ProjectManager.createLayerForProject(ProjectManager.java:105) [classes/:?]
	at org.pcsoft.app.jimix.core.project.ProjectManagerTest.testRefresh(ProjectManagerTest.java:31) [test-classes/:?]
	at sun.reflect.NativeMethodAccessorImpl.invoke0(Native Method) ~[?:1.8.0_144]
	at sun.reflect.NativeMethodAccessorImpl.invoke(NativeMethodAccessorImpl.java:62) ~[?:1.8.0_144]
	at sun.reflect.DelegatingMethodAccessorImpl.invoke(DelegatingMethodAccessorImpl.java:43) ~[?:1.8.0_144]
	at java.lang.reflect.Method.invoke(Method.java:498) ~[?:1.8.0_144]
	at org.junit.runners.model.FrameworkMethod$1.runReflectiveCall(FrameworkMethod.java:47) [junit-4.11.jar:?]
	at org.junit.internal.runners.model.ReflectiveCallable.run(ReflectiveCallable.java:12) [junit-4.11.jar:?]
	at org.junit.runners.model.FrameworkMethod.invokeExplosively(FrameworkMethod.java:44) [junit-4.11.jar:?]
	at org.junit.internal.runners.statements.InvokeMethod.evaluate(InvokeMethod.java:17) [junit-4.11.jar:?]
	at org.junit.runners.ParentRunner.runLeaf(ParentRunner.java:271) [junit-4.11.jar:?]
	at org.junit.runners.BlockJUnit4ClassRunner.runChild(BlockJUnit4ClassRunner.java:70) [junit-4.11.jar:?]
	at org.junit.runners.BlockJUnit4ClassRunner.runChild(BlockJUnit4ClassRunner.java:50) [junit-4.11.jar:?]
	at org.junit.runners.ParentRunner$3.run(ParentRunner.java:238) [junit-4.11.jar:?]
	at org.junit.runners.ParentRunner$1.schedule(ParentRunner.java:63) [junit-4.11.jar:?]
	at org.junit.runners.ParentRunner.runChildren(ParentRunner.java:236) [junit-4.11.jar:?]
	at org.junit.runners.ParentRunner.access$000(ParentRunner.java:53) [junit-4.11.jar:?]
	at org.junit.runners.ParentRunner$2.evaluate(ParentRunner.java:229) [junit-4.11.jar:?]
	at org.junit.runners.ParentRunner.run(ParentRunner.java:309) [junit-4.11.jar:?]
	at org.apache.maven.surefire.junit4.JUnit4Provider.execute(JUnit4Provider.java:252) [surefire-junit4-2.12.4.jar:2.12.4]
	at org.apache.maven.surefire.junit4.JUnit4Provider.executeTestSet(JUnit4Provider.java:141) [surefire-junit4-2.12.4.jar:2.12.4]
	at org.apache.maven.surefire.junit4.JUnit4Provider.invoke(JUnit4Provider.java:112) [surefire-junit4-2.12.4.jar:2.12.4]
	at sun.reflect.NativeMethodAccessorImpl.invoke0(Native Method) ~[?:1.8.0_144]
	at sun.reflect.NativeMethodAccessorImpl.invoke(NativeMethodAccessorImpl.java:62) ~[?:1.8.0_144]
	at sun.reflect.DelegatingMethodAccessorImpl.invoke(DelegatingMethodAccessorImpl.java:43) ~[?:1.8.0_144]
	at java.lang.reflect.Method.invoke(Method.java:498) ~[?:1.8.0_144]
	at org.apache.maven.surefire.util.ReflectionUtils.invokeMethodWithArray(ReflectionUtils.java:189) [surefire-api-2.12.4.jar:2.12.4]
	at org.apache.maven.surefire.booter.ProviderFactory$ProviderProxy.invoke(ProviderFactory.java:165) [surefire-booter-2.12.4.jar:2.12.4]
	at org.apache.maven.surefire.booter.ProviderFactory.invokeProvider(ProviderFactory.java:85) [surefire-booter-2.12.4.jar:2.12.4]
	at org.apache.maven.surefire.booter.ForkedBooter.runSuitesInProcess(ForkedBooter.java:115) [surefire-booter-2.12.4.jar:2.12.4]
	at org.apache.maven.surefire.booter.ForkedBooter.main(ForkedBooter.java:75) [surefire-booter-2.12.4.jar:2.12.4]
Caused by: java.lang.RuntimeException: Internal graphics not initialized yet
	at com.sun.glass.ui.Screen.getScreens(Screen.java:70) ~[jfxrt.jar:?]
	at com.sun.glass.ui.Screen.getMainScreen(Screen.java:61) ~[jfxrt.jar:?]
	at com.sun.javafx.font.PrismFontFactory.getSystemFontSize(PrismFontFactory.java:1911) ~[jfxrt.jar:?]
	at com.sun.javafx.font.PrismFontLoader.getSystemFontSize(PrismFontLoader.java:241) ~[jfxrt.jar:?]
	at javafx.scene.text.Font.getDefaultSystemFontSize(Font.java:71) ~[jfxrt.jar:?]
	at javafx.scene.text.Font.getDefault(Font.java:86) ~[jfxrt.jar:?]
	at javafx.scene.canvas.GraphicsContext$State.init(GraphicsContext.java:540) ~[jfxrt.jar:?]
	at javafx.scene.canvas.GraphicsContext$State.<init>(GraphicsContext.java:530) ~[jfxrt.jar:?]
	at javafx.scene.canvas.GraphicsContext.<init>(GraphicsContext.java:504) ~[jfxrt.jar:?]
	at javafx.scene.canvas.Canvas.getGraphicsContext2D(Canvas.java:136) ~[jfxrt.jar:?]
	at org.pcsoft.app.jimix.core.plugin.builtin.blender.OverlayBlender.apply(OverlayBlender.java:16) ~[classes/:?]
	at org.pcsoft.app.jimix.plugin.manipulation.manager.type.JimixBlenderPlugin.apply(JimixBlenderPlugin.java:65) ~[jimix-plugins.manipulation.manager-1.0.0-SNAPSHOT.jar:?]
	... 80 more
2018-03-13 16:22:05.450 [main] WARN  org.pcsoft.app.jimix.core.tooling.RecentFileManager - Unable to load file: not found: D:\Workspaces\tools\jimix\core\.recent
2018-03-13 17:59:50.555 [main] ERROR org.pcsoft.app.jimix.core.util.ImageBuilder - unable to build element a208cb36-8e01-4177-8834-e128993e4014: no element builder found, skip
2018-03-13 17:59:50.583 [main] INFO  org.pcsoft.app.jimix.core.project.ProjectManager - Create native project e5f2d0ef-aecb-4035-921c-e2a660297476
2018-03-13 17:59:50.584 [main] INFO  org.pcsoft.app.jimix.core.project.ProjectManager - Create empty project
2018-03-13 17:59:50.584 [main] INFO  org.pcsoft.app.jimix.core.project.ProjectManager - Create native project 6b958cb5-be55-460f-b8fa-86bbbc10e66e
2018-03-13 17:59:50.587 [main] INFO  org.pcsoft.app.jimix.core.project.ProjectManager - Create layer fe71ed58-d3e9-438c-9a5c-08a216765c66 for project 6b958cb5-be55-460f-b8fa-86bbbc10e66e
2018-03-13 17:59:50.610 [main] ERROR org.pcsoft.app.jimix.core.util.ImageBuilder - Unable to run blender
org.pcsoft.app.jimix.commons.exception.JimixPluginExecutionException: Error while running blender
	at org.pcsoft.app.jimix.plugin.manipulation.manager.type.JimixBlenderPlugin.apply(JimixBlenderPlugin.java:67) ~[jimix-plugins.manipulation.manager-1.0.0-SNAPSHOT.jar:?]
	at org.pcsoft.app.jimix.plugin.manipulation.manager.type.JimixBlenderInstance.apply(JimixBlenderInstance.java:19) ~[jimix-plugins.manipulation.manager-1.0.0-SNAPSHOT.jar:?]
	at org.pcsoft.app.jimix.core.util.ImageBuilder.buildProjectImage(ImageBuilder.java:54) ~[classes/:?]
	at org.pcsoft.app.jimix.core.project.JimixProject.lambda$new$2(JimixProject.java:73) ~[classes/:?]
	at javafx.beans.binding.Bindings$6.computeValue(Bindings.java:338) ~[jfxrt.jar:?]
	at javafx.beans.binding.ObjectBinding.get(ObjectBinding.java:153) ~[jfxrt.jar:?]
	at javafx.beans.binding.ObjectExpression.getValue(ObjectExpression.java:50) ~[jfxrt.jar:?]
	at com.sun.javafx.binding.ExpressionHelper$SingleChange.fireValueChangedEvent(ExpressionHelper.java:178) ~[jfxrt.jar:?]
	at com.sun.javafx.binding.ExpressionHelper.fireValueChangedEvent(ExpressionHelper.java:81) ~[jfxrt.jar:?]
	at javafx.beans.binding.ObjectBinding.invalidate(ObjectBinding.java:172) ~[jfxrt.jar:?]
	at com.sun.javafx.binding.BindingHelperObserver.invalidated(BindingHelperObserver.java:51) ~[jfxrt.jar:?]
	at com.sun.javafx.binding.ListExpressionHelper$Generic.notifyListeners(ListExpressionHelper.java:584) ~[jfxrt.jar:?]
	at com.sun.javafx.binding.ListExpressionHelper$Generic.fireValueChangedEvent(ListExpressionHelper.java:571) ~[jfxrt.jar:?]
	at com.sun.javafx.binding.ListExpressionHelper.fireValueChangedEvent(ListExpressionHelper.java:109) ~[jfxrt.jar:?]
	at javafx.beans.property.ReadOnlyListPropertyBase.fireValueChangedEvent(ReadOnlyListPropertyBase.java:104) ~[jfxrt.jar:?]
	at javafx.beans.property.ReadOnlyListWrapper.fireValueChangedEvent(ReadOnlyListWrapper.java:118) ~[jfxrt.jar:?]
	at javafx.beans.property.ListPropertyBase.lambda$new$39(ListPropertyBase.java:56) ~[jfxrt.jar:?]
	at com.sun.javafx.collections.ListListenerHelper$SingleChange.fireValueChangedEvent(ListListenerHelper.java:164) ~[jfxrt.jar:?]
	at com.sun.javafx.collections.ListListenerHelper.fireValueChangedEvent(ListListenerHelper.java:73) ~[jfxrt.jar:?]
	at javafx.collections.ObservableListBase.fireChange(ObservableListBase.java:233) ~[jfxrt.jar:?]
	at javafx.collections.ListChangeBuilder.commit(ListChangeBuilder.java:482) ~[jfxrt.jar:?]
	at javafx.collections.ListChangeBuilder.endChange(ListChangeBuilder.java:541) ~[jfxrt.jar:?]
	at javafx.collections.ObservableListBase.endChange(ObservableListBase.java:205) ~[jfxrt.jar:?]
	at javafx.collections.ModifiableObservableListBase.add(ModifiableObservableListBase.java:155) ~[jfxrt.jar:?]
	at java.util.AbstractList.add(AbstractList.java:108) ~[?:1.8.0_162]
	at javafx.beans.binding.ListExpression.add(ListExpression.java:248) ~[jfxrt.jar:?]
	at org.pcsoft.app.jimix.core.project.JimixProject.lambda$new$0(JimixProject.java:41) ~[classes/:?]
	at com.sun.javafx.binding.MapExpressionHelper$SingleMapChange.fireValueChangedEvent(MapExpressionHelper.java:309) ~[jfxrt.jar:?]
	at com.sun.javafx.binding.MapExpressionHelper.fireValueChangedEvent(MapExpressionHelper.java:95) ~[jfxrt.jar:?]
	at javafx.beans.property.ReadOnlyMapPropertyBase.fireValueChangedEvent(ReadOnlyMapPropertyBase.java:104) ~[jfxrt.jar:?]
	at javafx.beans.property.ReadOnlyMapWrapper.fireValueChangedEvent(ReadOnlyMapWrapper.java:117) ~[jfxrt.jar:?]
	at javafx.beans.property.MapPropertyBase.lambda$new$40(MapPropertyBase.java:56) ~[jfxrt.jar:?]
	at com.sun.javafx.collections.MapListenerHelper$SingleChange.fireValueChangedEvent(MapListenerHelper.java:163) [jfxrt.jar:?]
	at com.sun.javafx.collections.MapListenerHelper.fireValueChangedEvent(MapListenerHelper.java:72) [jfxrt.jar:?]
	at com.sun.javafx.collections.ObservableMapWrapper.callObservers(ObservableMapWrapper.java:115) [jfxrt.jar:?]
	at com.sun.javafx.collections.ObservableMapWrapper.put(ObservableMapWrapper.java:173) [jfxrt.jar:?]
	at org.pcsoft.app.jimix.core.project.ProjectManager.createLayerForProject(ProjectManager.java:116) [classes/:?]
	at org.pcsoft.app.jimix.core.project.ProjectManager.createLayerForProject(ProjectManager.java:105) [classes/:?]
	at org.pcsoft.app.jimix.core.project.ProjectManagerTest.testRefresh(ProjectManagerTest.java:31) [test-classes/:?]
	at sun.reflect.NativeMethodAccessorImpl.invoke0(Native Method) ~[?:1.8.0_162]
	at sun.reflect.NativeMethodAccessorImpl.invoke(NativeMethodAccessorImpl.java:62) ~[?:1.8.0_162]
	at sun.reflect.DelegatingMethodAccessorImpl.invoke(DelegatingMethodAccessorImpl.java:43) ~[?:1.8.0_162]
	at java.lang.reflect.Method.invoke(Method.java:498) ~[?:1.8.0_162]
	at org.junit.runners.model.FrameworkMethod$1.runReflectiveCall(FrameworkMethod.java:47) [junit-4.11.jar:?]
	at org.junit.internal.runners.model.ReflectiveCallable.run(ReflectiveCallable.java:12) [junit-4.11.jar:?]
	at org.junit.runners.model.FrameworkMethod.invokeExplosively(FrameworkMethod.java:44) [junit-4.11.jar:?]
	at org.junit.internal.runners.statements.InvokeMethod.evaluate(InvokeMethod.java:17) [junit-4.11.jar:?]
	at org.junit.runners.ParentRunner.runLeaf(ParentRunner.java:271) [junit-4.11.jar:?]
	at org.junit.runners.BlockJUnit4ClassRunner.runChild(BlockJUnit4ClassRunner.java:70) [junit-4.11.jar:?]
	at org.junit.runners.BlockJUnit4ClassRunner.runChild(BlockJUnit4ClassRunner.java:50) [junit-4.11.jar:?]
	at org.junit.runners.ParentRunner$3.run(ParentRunner.java:238) [junit-4.11.jar:?]
	at org.junit.runners.ParentRunner$1.schedule(ParentRunner.java:63) [junit-4.11.jar:?]
	at org.junit.runners.ParentRunner.runChildren(ParentRunner.java:236) [junit-4.11.jar:?]
	at org.junit.runners.ParentRunner.access$000(ParentRunner.java:53) [junit-4.11.jar:?]
	at org.junit.runners.ParentRunner$2.evaluate(ParentRunner.java:229) [junit-4.11.jar:?]
	at org.junit.runners.ParentRunner.run(ParentRunner.java:309) [junit-4.11.jar:?]
	at org.apache.maven.surefire.junit4.JUnit4Provider.execute(JUnit4Provider.java:252) [surefire-junit4-2.12.4.jar:2.12.4]
	at org.apache.maven.surefire.junit4.JUnit4Provider.executeTestSet(JUnit4Provider.java:141) [surefire-junit4-2.12.4.jar:2.12.4]
	at org.apache.maven.surefire.junit4.JUnit4Provider.invoke(JUnit4Provider.java:112) [surefire-junit4-2.12.4.jar:2.12.4]
	at sun.reflect.NativeMethodAccessorImpl.invoke0(Native Method) ~[?:1.8.0_162]
	at sun.reflect.NativeMethodAccessorImpl.invoke(NativeMethodAccessorImpl.java:62) ~[?:1.8.0_162]
	at sun.reflect.DelegatingMethodAccessorImpl.invoke(DelegatingMethodAccessorImpl.java:43) ~[?:1.8.0_162]
	at java.lang.reflect.Method.invoke(Method.java:498) ~[?:1.8.0_162]
	at org.apache.maven.surefire.util.ReflectionUtils.invokeMethodWithArray(ReflectionUtils.java:189) [surefire-api-2.12.4.jar:2.12.4]
	at org.apache.maven.surefire.booter.ProviderFactory$ProviderProxy.invoke(ProviderFactory.java:165) [surefire-booter-2.12.4.jar:2.12.4]
	at org.apache.maven.surefire.booter.ProviderFactory.invokeProvider(ProviderFactory.java:85) [surefire-booter-2.12.4.jar:2.12.4]
	at org.apache.maven.surefire.booter.ForkedBooter.runSuitesInProcess(ForkedBooter.java:115) [surefire-booter-2.12.4.jar:2.12.4]
	at org.apache.maven.surefire.booter.ForkedBooter.main(ForkedBooter.java:75) [surefire-booter-2.12.4.jar:2.12.4]
Caused by: java.lang.RuntimeException: Internal graphics not initialized yet
	at com.sun.glass.ui.Screen.getScreens(Screen.java:70) ~[jfxrt.jar:?]
	at com.sun.glass.ui.Screen.getMainScreen(Screen.java:61) ~[jfxrt.jar:?]
	at com.sun.javafx.font.PrismFontFactory.getSystemFontSize(PrismFontFactory.java:1911) ~[jfxrt.jar:?]
	at com.sun.javafx.font.PrismFontLoader.getSystemFontSize(PrismFontLoader.java:241) ~[jfxrt.jar:?]
	at javafx.scene.text.Font.getDefaultSystemFontSize(Font.java:71) ~[jfxrt.jar:?]
	at javafx.scene.text.Font.getDefault(Font.java:86) ~[jfxrt.jar:?]
	at javafx.scene.canvas.GraphicsContext$State.init(GraphicsContext.java:540) ~[jfxrt.jar:?]
	at javafx.scene.canvas.GraphicsContext$State.<init>(GraphicsContext.java:530) ~[jfxrt.jar:?]
	at javafx.scene.canvas.GraphicsContext.<init>(GraphicsContext.java:504) ~[jfxrt.jar:?]
	at javafx.scene.canvas.Canvas.getGraphicsContext2D(Canvas.java:136) ~[jfxrt.jar:?]
	at org.pcsoft.app.jimix.core.plugin.builtin.blender.OverlayBlender.apply(OverlayBlender.java:16) ~[classes/:?]
	at org.pcsoft.app.jimix.plugin.manipulation.manager.type.JimixBlenderPlugin.apply(JimixBlenderPlugin.java:65) ~[jimix-plugins.manipulation.manager-1.0.0-SNAPSHOT.jar:?]
	... 67 more
2018-03-13 17:59:50.635 [main] ERROR org.pcsoft.app.jimix.core.util.ImageBuilder - Unable to run blender
org.pcsoft.app.jimix.commons.exception.JimixPluginExecutionException: Error while running blender
	at org.pcsoft.app.jimix.plugin.manipulation.manager.type.JimixBlenderPlugin.apply(JimixBlenderPlugin.java:67) ~[jimix-plugins.manipulation.manager-1.0.0-SNAPSHOT.jar:?]
	at org.pcsoft.app.jimix.plugin.manipulation.manager.type.JimixBlenderInstance.apply(JimixBlenderInstance.java:19) ~[jimix-plugins.manipulation.manager-1.0.0-SNAPSHOT.jar:?]
	at org.pcsoft.app.jimix.core.util.ImageBuilder.buildProjectImage(ImageBuilder.java:54) ~[classes/:?]
	at org.pcsoft.app.jimix.core.project.JimixProject.lambda$new$2(JimixProject.java:73) ~[classes/:?]
	at javafx.beans.binding.Bindings$6.computeValue(Bindings.java:338) ~[jfxrt.jar:?]
	at javafx.beans.binding.ObjectBinding.get(ObjectBinding.java:153) ~[jfxrt.jar:?]
	at javafx.beans.binding.ObjectExpression.getValue(ObjectExpression.java:50) ~[jfxrt.jar:?]
	at com.sun.javafx.binding.ExpressionHelper$SingleChange.fireValueChangedEvent(ExpressionHelper.java:178) ~[jfxrt.jar:?]
	at com.sun.javafx.binding.ExpressionHelper.fireValueChangedEvent(ExpressionHelper.java:81) ~[jfxrt.jar:?]
	at javafx.beans.binding.ObjectBinding.invalidate(ObjectBinding.java:172) ~[jfxrt.jar:?]
	at com.sun.javafx.binding.BindingHelperObserver.invalidated(BindingHelperObserver.java:51) ~[jfxrt.jar:?]
	at com.sun.javafx.binding.ListExpressionHelper$SingleInvalidation.fireValueChangedEvent(ListExpressionHelper.java:183) ~[jfxrt.jar:?]
	at com.sun.javafx.binding.ListExpressionHelper.fireValueChangedEvent(ListExpressionHelper.java:109) ~[jfxrt.jar:?]
	at javafx.beans.property.ReadOnlyListPropertyBase.fireValueChangedEvent(ReadOnlyListPropertyBase.java:104) ~[jfxrt.jar:?]
	at javafx.beans.property.ReadOnlyListWrapper.fireValueChangedEvent(ReadOnlyListWrapper.java:118) ~[jfxrt.jar:?]
	at javafx.beans.property.ListPropertyBase.lambda$new$39(ListPropertyBase.java:56) ~[jfxrt.jar:?]
	at com.sun.javafx.collections.ListListenerHelper$SingleChange.fireValueChangedEvent(ListListenerHelper.java:164) ~[jfxrt.jar:?]
	at com.sun.javafx.collections.ListListenerHelper.fireValueChangedEvent(ListListenerHelper.java:73) ~[jfxrt.jar:?]
	at javafx.collections.ObservableListBase.fireChange(ObservableListBase.java:233) ~[jfxrt.jar:?]
	at javafx.collections.ListChangeBuilder.commit(ListChangeBuilder.java:482) ~[jfxrt.jar:?]
	at javafx.collections.ListChangeBuilder.endChange(ListChangeBuilder.java:541) ~[jfxrt.jar:?]
	at javafx.collections.ObservableListBase.endChange(ObservableListBase.java:205) ~[jfxrt.jar:?]
	at javafx.collections.ModifiableObservableListBase.addAll(ModifiableObservableListBase.java:102) ~[jfxrt.jar:?]
	at org.pcsoft.app.jimix.core.project.JimixProject.lambda$new$1(JimixProject.java:56) ~[classes/:?]
	at com.sun.javafx.binding.ListExpressionHelper$Generic.notifyListeners(ListExpressionHelper.java:593) ~[jfxrt.jar:?]
	at com.sun.javafx.binding.ListExpressionHelper$Generic.fireValueChangedEvent(ListExpressionHelper.java:571) ~[jfxrt.jar:?]
	at com.sun.javafx.binding.ListExpressionHelper.fireValueChangedEvent(ListExpressionHelper.java:109) ~[jfxrt.jar:?]
	at javafx.beans.property.ReadOnlyListPropertyBase.fireValueChangedEvent(ReadOnlyListPropertyBase.java:104) ~[jfxrt.jar:?]
	at javafx.beans.property.ReadOnlyListWrapper.fireValueChangedEvent(ReadOnlyListWrapper.java:118) ~[jfxrt.jar:?]
	at javafx.beans.property.ListPropertyBase.lambda$new$39(ListPropertyBase.java:56) ~[jfxrt.jar:?]
	at com.sun.javafx.collections.ListListenerHelper$SingleChange.fireValueChangedEvent(ListListenerHelper.java:164) ~[jfxrt.jar:?]
	at com.sun.javafx.collections.ListListenerHelper.fireValueChangedEvent(ListListenerHelper.java:73) ~[jfxrt.jar:?]
	at javafx.collections.ObservableListBase.fireChange(ObservableListBase.java:233) ~[jfxrt.jar:?]
	at javafx.collections.ListChangeBuilder.commit(ListChangeBuilder.java:482) ~[jfxrt.jar:?]
	at javafx.collections.ListChangeBuilder.endChange(ListChangeBuilder.java:541) ~[jfxrt.jar:?]
	at javafx.collections.ObservableListBase.endChange(ObservableListBase.java:205) ~[jfxrt.jar:?]
	at javafx.collections.ModifiableObservableListBase.add(ModifiableObservableListBase.java:155) ~[jfxrt.jar:?]
	at java.util.AbstractList.add(AbstractList.java:108) ~[?:1.8.0_162]
	at javafx.beans.binding.ListExpression.add(ListExpression.java:248) ~[jfxrt.jar:?]
	at org.pcsoft.app.jimix.core.project.JimixProject.lambda$new$0(JimixProject.java:41) ~[classes/:?]
	at com.sun.javafx.binding.MapExpressionHelper$SingleMapChange.fireValueChangedEvent(MapExpressionHelper.java:309) ~[jfxrt.jar:?]
	at com.sun.javafx.binding.MapExpressionHelper.fireValueChangedEvent(MapExpressionHelper.java:95) ~[jfxrt.jar:?]
	at javafx.beans.property.ReadOnlyMapPropertyBase.fireValueChangedEvent(ReadOnlyMapPropertyBase.java:104) ~[jfxrt.jar:?]
	at javafx.beans.property.ReadOnlyMapWrapper.fireValueChangedEvent(ReadOnlyMapWrapper.java:117) ~[jfxrt.jar:?]
	at javafx.beans.property.MapPropertyBase.lambda$new$40(MapPropertyBase.java:56) ~[jfxrt.jar:?]
	at com.sun.javafx.collections.MapListenerHelper$SingleChange.fireValueChangedEvent(MapListenerHelper.java:163) [jfxrt.jar:?]
	at com.sun.javafx.collections.MapListenerHelper.fireValueChangedEvent(MapListenerHelper.java:72) [jfxrt.jar:?]
	at com.sun.javafx.collections.ObservableMapWrapper.callObservers(ObservableMapWrapper.java:115) [jfxrt.jar:?]
	at com.sun.javafx.collections.ObservableMapWrapper.put(ObservableMapWrapper.java:173) [jfxrt.jar:?]
	at org.pcsoft.app.jimix.core.project.ProjectManager.createLayerForProject(ProjectManager.java:116) [classes/:?]
	at org.pcsoft.app.jimix.core.project.ProjectManager.createLayerForProject(ProjectManager.java:105) [classes/:?]
	at org.pcsoft.app.jimix.core.project.ProjectManagerTest.testRefresh(ProjectManagerTest.java:31) [test-classes/:?]
	at sun.reflect.NativeMethodAccessorImpl.invoke0(Native Method) ~[?:1.8.0_162]
	at sun.reflect.NativeMethodAccessorImpl.invoke(NativeMethodAccessorImpl.java:62) ~[?:1.8.0_162]
	at sun.reflect.DelegatingMethodAccessorImpl.invoke(DelegatingMethodAccessorImpl.java:43) ~[?:1.8.0_162]
	at java.lang.reflect.Method.invoke(Method.java:498) ~[?:1.8.0_162]
	at org.junit.runners.model.FrameworkMethod$1.runReflectiveCall(FrameworkMethod.java:47) [junit-4.11.jar:?]
	at org.junit.internal.runners.model.ReflectiveCallable.run(ReflectiveCallable.java:12) [junit-4.11.jar:?]
	at org.junit.runners.model.FrameworkMethod.invokeExplosively(FrameworkMethod.java:44) [junit-4.11.jar:?]
	at org.junit.internal.runners.statements.InvokeMethod.evaluate(InvokeMethod.java:17) [junit-4.11.jar:?]
	at org.junit.runners.ParentRunner.runLeaf(ParentRunner.java:271) [junit-4.11.jar:?]
	at org.junit.runners.BlockJUnit4ClassRunner.runChild(BlockJUnit4ClassRunner.java:70) [junit-4.11.jar:?]
	at org.junit.runners.BlockJUnit4ClassRunner.runChild(BlockJUnit4ClassRunner.java:50) [junit-4.11.jar:?]
	at org.junit.runners.ParentRunner$3.run(ParentRunner.java:238) [junit-4.11.jar:?]
	at org.junit.runners.ParentRunner$1.schedule(ParentRunner.java:63) [junit-4.11.jar:?]
	at org.junit.runners.ParentRunner.runChildren(ParentRunner.java:236) [junit-4.11.jar:?]
	at org.junit.runners.ParentRunner.access$000(ParentRunner.java:53) [junit-4.11.jar:?]
	at org.junit.runners.ParentRunner$2.evaluate(ParentRunner.java:229) [junit-4.11.jar:?]
	at org.junit.runners.ParentRunner.run(ParentRunner.java:309) [junit-4.11.jar:?]
	at org.apache.maven.surefire.junit4.JUnit4Provider.execute(JUnit4Provider.java:252) [surefire-junit4-2.12.4.jar:2.12.4]
	at org.apache.maven.surefire.junit4.JUnit4Provider.executeTestSet(JUnit4Provider.java:141) [surefire-junit4-2.12.4.jar:2.12.4]
	at org.apache.maven.surefire.junit4.JUnit4Provider.invoke(JUnit4Provider.java:112) [surefire-junit4-2.12.4.jar:2.12.4]
	at sun.reflect.NativeMethodAccessorImpl.invoke0(Native Method) ~[?:1.8.0_162]
	at sun.reflect.NativeMethodAccessorImpl.invoke(NativeMethodAccessorImpl.java:62) ~[?:1.8.0_162]
	at sun.reflect.DelegatingMethodAccessorImpl.invoke(DelegatingMethodAccessorImpl.java:43) ~[?:1.8.0_162]
	at java.lang.reflect.Method.invoke(Method.java:498) ~[?:1.8.0_162]
	at org.apache.maven.surefire.util.ReflectionUtils.invokeMethodWithArray(ReflectionUtils.java:189) [surefire-api-2.12.4.jar:2.12.4]
	at org.apache.maven.surefire.booter.ProviderFactory$ProviderProxy.invoke(ProviderFactory.java:165) [surefire-booter-2.12.4.jar:2.12.4]
	at org.apache.maven.surefire.booter.ProviderFactory.invokeProvider(ProviderFactory.java:85) [surefire-booter-2.12.4.jar:2.12.4]
	at org.apache.maven.surefire.booter.ForkedBooter.runSuitesInProcess(ForkedBooter.java:115) [surefire-booter-2.12.4.jar:2.12.4]
	at org.apache.maven.surefire.booter.ForkedBooter.main(ForkedBooter.java:75) [surefire-booter-2.12.4.jar:2.12.4]
Caused by: java.lang.RuntimeException: Internal graphics not initialized yet
	at com.sun.glass.ui.Screen.getScreens(Screen.java:70) ~[jfxrt.jar:?]
	at com.sun.glass.ui.Screen.getMainScreen(Screen.java:61) ~[jfxrt.jar:?]
	at com.sun.javafx.font.PrismFontFactory.getSystemFontSize(PrismFontFactory.java:1911) ~[jfxrt.jar:?]
	at com.sun.javafx.font.PrismFontLoader.getSystemFontSize(PrismFontLoader.java:241) ~[jfxrt.jar:?]
	at javafx.scene.text.Font.getDefaultSystemFontSize(Font.java:71) ~[jfxrt.jar:?]
	at javafx.scene.text.Font.getDefault(Font.java:86) ~[jfxrt.jar:?]
	at javafx.scene.canvas.GraphicsContext$State.init(GraphicsContext.java:540) ~[jfxrt.jar:?]
	at javafx.scene.canvas.GraphicsContext$State.<init>(GraphicsContext.java:530) ~[jfxrt.jar:?]
	at javafx.scene.canvas.GraphicsContext.<init>(GraphicsContext.java:504) ~[jfxrt.jar:?]
	at javafx.scene.canvas.Canvas.getGraphicsContext2D(Canvas.java:136) ~[jfxrt.jar:?]
	at org.pcsoft.app.jimix.core.plugin.builtin.blender.OverlayBlender.apply(OverlayBlender.java:16) ~[classes/:?]
	at org.pcsoft.app.jimix.plugin.manipulation.manager.type.JimixBlenderPlugin.apply(JimixBlenderPlugin.java:65) ~[jimix-plugins.manipulation.manager-1.0.0-SNAPSHOT.jar:?]
	... 80 more
2018-03-13 17:59:50.667 [main] WARN  org.pcsoft.app.jimix.core.tooling.RecentFileManager - Unable to load file: not found: G:\Workspace\Application_Workspaces\Apps\jimix\core\.recent
